#
# There is insufficient memory for the Java Runtime Environment to continue.
# Native memory allocation (mmap) failed to map 65536 bytes for Failed to commit metaspace.
# Possible reasons:
#   The system is out of physical RAM or swap space
#   The process is running with CompressedOops enabled, and the Java Heap may be blocking the growth of the native heap
# Possible solutions:
#   Reduce memory load on the system
#   Increase physical memory or swap space
#   Check if swap backing store is full
#   Decrease Java heap size (-Xmx/-Xms)
#   Decrease number of Java threads
#   Decrease Java thread stack sizes (-Xss)
#   Set larger code cache with -XX:ReservedCodeCacheSize=
#   JVM is running with Unscaled Compressed Oops mode in which the Java heap is
#     placed in the first 4GB address space. The Java Heap base address is the
#     maximum limit for the native heap growth. Please use -XX:HeapBaseMinAddress
#     to set the Java Heap base and to place the Java Heap above 4GB virtual address.
# This output file may be truncated or incomplete.
#
#  Out of Memory Error (virtualSpaceNode.cpp:110), pid=18564, tid=18180
#
# JRE version: OpenJDK Runtime Environment (17.0.6) (build 17.0.6+0-b2043.56-9586694)
# Java VM: OpenJDK 64-Bit Server VM (17.0.6+0-b2043.56-9586694, mixed mode, tiered, compressed oops, compressed class ptrs, g1 gc, windows-amd64)
# No core dump will be written. Minidumps are not enabled by default on client versions of Windows
#

---------------  S U M M A R Y ------------

Command Line: --add-opens=java.base/java.util=ALL-UNNAMED --add-opens=java.base/java.lang=ALL-UNNAMED --add-opens=java.base/java.lang.invoke=ALL-UNNAMED --add-opens=java.base/java.util=ALL-UNNAMED --add-opens=java.prefs/java.util.prefs=ALL-UNNAMED --add-opens=java.prefs/java.util.prefs=ALL-UNNAMED --add-opens=java.base/java.nio.charset=ALL-UNNAMED --add-opens=java.base/java.net=ALL-UNNAMED --add-opens=java.base/java.util.concurrent.atomic=ALL-UNNAMED -Xmx1536M -Dfile.encoding=windows-1252 -Duser.country=IN -Duser.language=en -Duser.variant org.gradle.launcher.daemon.bootstrap.GradleDaemon 7.5

Host: Intel(R) Core(TM) i3-6006U CPU @ 2.00GHz, 4 cores, 7G,  Windows 10 , 64 bit Build 19041 (10.0.19041.2913)
Time: Thu Jun  1 12:49:22 2023 India Standard Time elapsed time: 19.626580 seconds (0d 0h 0m 19s)

---------------  T H R E A D  ---------------

Current thread (0x000001e7b9404670):  JavaThread "Daemon worker" [_thread_in_vm, id=18180, stack(0x000000de29500000,0x000000de29600000)]

Stack: [0x000000de29500000,0x000000de29600000]
Native frames: (J=compiled Java code, j=interpreted, Vv=VM code, C=native code)
V  [jvm.dll+0x683b4a]
V  [jvm.dll+0x842654]
V  [jvm.dll+0x843dfe]
V  [jvm.dll+0x844463]
V  [jvm.dll+0x249b75]
V  [jvm.dll+0x83e6ab]
V  [jvm.dll+0x627fa6]
V  [jvm.dll+0x62800a]
V  [jvm.dll+0x62a81a]
V  [jvm.dll+0x628946]
V  [jvm.dll+0x23db6f]
V  [jvm.dll+0x632735]
V  [jvm.dll+0x1eda2b]
V  [jvm.dll+0x1edf65]
V  [jvm.dll+0x1ee884]
V  [jvm.dll+0x1e3dcc]
V  [jvm.dll+0x547f8d]
V  [jvm.dll+0x1f46eb]
V  [jvm.dll+0x7bc67b]
V  [jvm.dll+0x7bdac2]
V  [jvm.dll+0x7bddf8]
V  [jvm.dll+0x75c201]
V  [jvm.dll+0x6cb567]
V  [jvm.dll+0x6cce78]
V  [jvm.dll+0x410fca]
V  [jvm.dll+0x41c66e]
C  0x000001e7aa5510f7

Java frames: (J=compiled Java code, j=interpreted, Vv=VM code)
J 2710  java.lang.Class.getDeclaredMethods0(Z)[Ljava/lang/reflect/Method; java.base@17.0.6 (0 bytes) @ 0x000001e7aa55105b [0x000001e7aa551020+0x000000000000003b]
J 2113 c1 java.lang.Class.privateGetDeclaredMethods(Z)[Ljava/lang/reflect/Method; java.base@17.0.6 (64 bytes) @ 0x000001e7a2d35354 [0x000001e7a2d351c0+0x0000000000000194]
j  java.lang.Class.privateGetPublicMethods()[Ljava/lang/reflect/Method;+30 java.base@17.0.6
j  java.lang.Class.getMethods()[Ljava/lang/reflect/Method;+19 java.base@17.0.6
j  org.codehaus.groovy.reflection.stdclasses.CachedSAMClass.getSAMMethodImpl(Ljava/lang/Class;)Ljava/lang/reflect/Method;+20
j  org.codehaus.groovy.reflection.stdclasses.CachedSAMClass.getSAMMethod(Ljava/lang/Class;)Ljava/lang/reflect/Method;+1
j  org.codehaus.groovy.reflection.ClassInfo.isSAM(Ljava/lang/Class;)Z+1
j  org.codehaus.groovy.reflection.ClassInfo.createCachedClass(Ljava/lang/Class;Lorg/codehaus/groovy/reflection/ClassInfo;)Lorg/codehaus/groovy/reflection/CachedClass;+483
j  org.codehaus.groovy.reflection.ClassInfo.access$300(Ljava/lang/Class;Lorg/codehaus/groovy/reflection/ClassInfo;)Lorg/codehaus/groovy/reflection/CachedClass;+2
j  org.codehaus.groovy.reflection.ClassInfo$LazyCachedClassRef.initValue()Lorg/codehaus/groovy/reflection/CachedClass;+17
j  org.codehaus.groovy.reflection.ClassInfo$LazyCachedClassRef.initValue()Ljava/lang/Object;+1
J 2897 c1 org.codehaus.groovy.util.LazyReference.getLocked(Z)Ljava/lang/Object; (85 bytes) @ 0x000001e7a2eeb384 [0x000001e7a2eeb0c0+0x00000000000002c4]
J 2789 c1 org.codehaus.groovy.util.LazyReference.get()Ljava/lang/Object; (44 bytes) @ 0x000001e7a2ebc49c [0x000001e7a2ebc200+0x000000000000029c]
J 2879 c1 org.codehaus.groovy.reflection.ReflectionCache.getCachedClass(Ljava/lang/Class;)Lorg/codehaus/groovy/reflection/CachedClass; (14 bytes) @ 0x000001e7a2ee30c4 [0x000001e7a2ee2d80+0x0000000000000344]
j  org.codehaus.groovy.reflection.CachedClass$8.initValue()Ljava/util/Set;+68
j  org.codehaus.groovy.reflection.CachedClass$8.initValue()Ljava/lang/Object;+1
J 2897 c1 org.codehaus.groovy.util.LazyReference.getLocked(Z)Ljava/lang/Object; (85 bytes) @ 0x000001e7a2eeb384 [0x000001e7a2eeb0c0+0x00000000000002c4]
J 2789 c1 org.codehaus.groovy.util.LazyReference.get()Ljava/lang/Object; (44 bytes) @ 0x000001e7a2ebc49c [0x000001e7a2ebc200+0x000000000000029c]
J 2901 c1 org.codehaus.groovy.reflection.CachedClass.getInterfaces()Ljava/util/Set; (11 bytes) @ 0x000001e7a2eecab4 [0x000001e7a2eec9c0+0x00000000000000f4]
j  org.codehaus.groovy.reflection.CachedClass.<init>(Ljava/lang/Class;Lorg/codehaus/groovy/reflection/ClassInfo;)V+182
j  org.codehaus.groovy.reflection.ClassInfo.createCachedClass(Ljava/lang/Class;Lorg/codehaus/groovy/reflection/ClassInfo;)Lorg/codehaus/groovy/reflection/CachedClass;+508
j  org.codehaus.groovy.reflection.ClassInfo.access$300(Ljava/lang/Class;Lorg/codehaus/groovy/reflection/ClassInfo;)Lorg/codehaus/groovy/reflection/CachedClass;+2
j  org.codehaus.groovy.reflection.ClassInfo$LazyCachedClassRef.initValue()Lorg/codehaus/groovy/reflection/CachedClass;+17
j  org.codehaus.groovy.reflection.ClassInfo$LazyCachedClassRef.initValue()Ljava/lang/Object;+1
J 2897 c1 org.codehaus.groovy.util.LazyReference.getLocked(Z)Ljava/lang/Object; (85 bytes) @ 0x000001e7a2eeb384 [0x000001e7a2eeb0c0+0x00000000000002c4]
J 2789 c1 org.codehaus.groovy.util.LazyReference.get()Ljava/lang/Object; (44 bytes) @ 0x000001e7a2ebc49c [0x000001e7a2ebc200+0x000000000000029c]
J 2879 c1 org.codehaus.groovy.reflection.ReflectionCache.getCachedClass(Ljava/lang/Class;)Lorg/codehaus/groovy/reflection/CachedClass; (14 bytes) @ 0x000001e7a2ee30c4 [0x000001e7a2ee2d80+0x0000000000000344]
j  org.codehaus.groovy.reflection.ParameterTypes.getParametersTypes0()V+68
J 2909 c1 org.codehaus.groovy.reflection.CachedMethod.compareToCachedMethod(Lorg/codehaus/groovy/reflection/CachedMethod;)I (160 bytes) @ 0x000001e7a2eef214 [0x000001e7a2eeec60+0x00000000000005b4]
J 2908 c1 org.codehaus.groovy.reflection.CachedMethod.compareTo(Ljava/lang/Object;)I (25 bytes) @ 0x000001e7a2ef0c54 [0x000001e7a2ef09e0+0x0000000000000274]
j  java.util.ComparableTimSort.binarySort([Ljava/lang/Object;III)V+94 java.base@17.0.6
J 984 c1 java.util.ComparableTimSort.sort([Ljava/lang/Object;II[Ljava/lang/Object;II)V java.base@17.0.6 (219 bytes) @ 0x000001e7a2af1a8c [0x000001e7a2af17e0+0x00000000000002ac]
j  java.util.Arrays.sort([Ljava/lang/Object;II)V+28 java.base@17.0.6
j  java.util.Arrays.sort([Ljava/lang/Object;IILjava/util/Comparator;)V+7 java.base@17.0.6
j  java.util.ArrayList.sort(Ljava/util/Comparator;)V+15 java.base@17.0.6
j  java.util.Collections.sort(Ljava/util/List;)V+2 java.base@17.0.6
j  org.codehaus.groovy.reflection.CachedClass$3.initValue()[Lorg/codehaus/groovy/reflection/CachedMethod;+117
j  org.codehaus.groovy.reflection.CachedClass$3.initValue()Ljava/lang/Object;+1
J 2897 c1 org.codehaus.groovy.util.LazyReference.getLocked(Z)Ljava/lang/Object; (85 bytes) @ 0x000001e7a2eeb384 [0x000001e7a2eeb0c0+0x00000000000002c4]
J 2789 c1 org.codehaus.groovy.util.LazyReference.get()Ljava/lang/Object; (44 bytes) @ 0x000001e7a2ebc49c [0x000001e7a2ebc200+0x000000000000029c]
j  org.codehaus.groovy.reflection.CachedClass.getMethods()[Lorg/codehaus/groovy/reflection/CachedMethod;+4
j  org.codehaus.groovy.runtime.m12n.SimpleExtensionModule.createMetaMethods(Ljava/lang/Class;Ljava/util/List;Z)V+6
j  org.codehaus.groovy.runtime.m12n.SimpleExtensionModule.getMetaMethods()Ljava/util/List;+44
j  org.codehaus.groovy.runtime.metaclass.MetaClassRegistryImpl$DefaultModuleListener.onModule(Lorg/codehaus/groovy/runtime/m12n/ExtensionModule;)V+113
j  org.codehaus.groovy.runtime.m12n.ExtensionModuleScanner.scanExtensionModuleFromProperties(Ljava/util/Properties;)V+23
j  org.codehaus.groovy.runtime.m12n.ExtensionModuleScanner.scanExtensionModuleFromMetaInf(Ljava/net/URL;)V+52
j  org.codehaus.groovy.runtime.m12n.ExtensionModuleScanner.scanClasspathModulesFrom(Ljava/lang/String;)V+30
j  org.codehaus.groovy.runtime.m12n.ExtensionModuleScanner.scanClasspathModules()V+3
j  org.codehaus.groovy.runtime.metaclass.MetaClassRegistryImpl.<init>(IZ)V+279
j  org.codehaus.groovy.runtime.metaclass.MetaClassRegistryImpl.<init>()V+3
j  groovy.lang.GroovySystem.<clinit>()V+8
v  ~StubRoutines::call_stub
j  org.codehaus.groovy.runtime.InvokerHelper.<clinit>()V+34
v  ~StubRoutines::call_stub
j  groovy.lang.GroovyObjectSupport.getDefaultMetaClass()Lgroovy/lang/MetaClass;+4
j  groovy.lang.GroovyObjectSupport.<init>()V+6
j  org.gradle.internal.extensibility.DefaultExtraPropertiesExtension.<init>()V+1
j  org.gradle.internal.extensibility.DefaultConvention.<init>(Lorg/gradle/internal/instantiation/InstanceGenerator;)V+33
j  org.gradle.internal.extensibility.ExtensibleDynamicObject.<init>(Ljava/lang/Object;Lorg/gradle/internal/metaobject/AbstractDynamicObject;Lorg/gradle/internal/instantiation/InstanceGenerator;)V+8
j  org.gradle.internal.instantiation.generator.MixInExtensibleDynamicObject.<init>(Ljava/lang/Object;Ljava/lang/Class;Lorg/gradle/internal/metaobject/DynamicObject;Lorg/gradle/internal/service/ServiceLookup;)V+13
j  org.gradle.initialization.DefaultSettings_Decorated.getAsDynamicObject()Lorg/gradle/internal/metaobject/DynamicObject;+26
j  org.gradle.initialization.SettingsFactory.createSettings(Lorg/gradle/api/internal/GradleInternal;Ljava/io/File;Lorg/gradle/groovy/scripts/ScriptSource;Lorg/gradle/api/internal/properties/GradleProperties;Lorg/gradle/StartParameter;Lorg/gradle/api/internal/initialization/ClassLoaderScope;)Lorg/gradle/api/internal/SettingsInternal;+127
j  org.gradle.initialization.ScriptEvaluatingSettingsProcessor.process(Lorg/gradle/api/internal/GradleInternal;Lorg/gradle/initialization/SettingsLocation;Lorg/gradle/api/internal/initialization/ClassLoaderScope;Lorg/gradle/StartParameter;)Lorg/gradle/api/internal/SettingsInternal;+47
j  org.gradle.initialization.SettingsEvaluatedCallbackFiringSettingsProcessor.process(Lorg/gradle/api/internal/GradleInternal;Lorg/gradle/initialization/SettingsLocation;Lorg/gradle/api/internal/initialization/ClassLoaderScope;Lorg/gradle/StartParameter;)Lorg/gradle/api/internal/SettingsInternal;+9
j  org.gradle.initialization.RootBuildCacheControllerSettingsProcessor.process(Lorg/gradle/api/internal/GradleInternal;Lorg/gradle/initialization/SettingsLocation;Lorg/gradle/api/internal/initialization/ClassLoaderScope;Lorg/gradle/StartParameter;)Lorg/gradle/api/internal/SettingsInternal;+9
j  org.gradle.initialization.BuildOperationSettingsProcessor$2.call(Lorg/gradle/internal/operations/BuildOperationContext;)Lorg/gradle/api/internal/SettingsInternal;+23
j  org.gradle.initialization.BuildOperationSettingsProcessor$2.call(Lorg/gradle/internal/operations/BuildOperationContext;)Ljava/lang/Object;+2
j  org.gradle.internal.operations.DefaultBuildOperationRunner$CallableBuildOperationWorker.execute(Lorg/gradle/internal/operations/CallableBuildOperation;Lorg/gradle/internal/operations/BuildOperationContext;)V+3
j  org.gradle.internal.operations.DefaultBuildOperationRunner$CallableBuildOperationWorker.execute(Lorg/gradle/internal/operations/BuildOperation;Lorg/gradle/internal/operations/BuildOperationContext;)V+6
j  org.gradle.internal.operations.DefaultBuildOperationRunner$2.execute(Lorg/gradle/internal/operations/BuildOperationDescriptor;Lorg/gradle/internal/operations/BuildOperationState;Lorg/gradle/internal/operations/BuildOperationState;Lorg/gradle/internal/operations/DefaultBuildOperationRunner$ReadableBuildOperationContext;Lorg/gradle/internal/operations/DefaultBuildOperationRunner$BuildOperationExecutionListener;)Lorg/gradle/internal/operations/BuildOperation;+22
j  org.gradle.internal.operations.DefaultBuildOperationRunner$2.execute(Lorg/gradle/internal/operations/BuildOperationDescriptor;Lorg/gradle/internal/operations/BuildOperationState;Lorg/gradle/internal/operations/BuildOperationState;Lorg/gradle/internal/operations/DefaultBuildOperationRunner$ReadableBuildOperationContext;Lorg/gradle/internal/operations/DefaultBuildOperationRunner$BuildOperationExecutionListener;)Ljava/lang/Object;+8
j  org.gradle.internal.operations.DefaultBuildOperationRunner.execute(Lorg/gradle/internal/operations/BuildOperationDescriptor$Builder;Lorg/gradle/internal/operations/BuildOperationState;Lorg/gradle/internal/operations/DefaultBuildOperationRunner$BuildOperationExecution;)Ljava/lang/Object;+141
j  org.gradle.internal.operations.DefaultBuildOperationRunner.execute(Lorg/gradle/internal/operations/BuildOperation;Lorg/gradle/internal/operations/BuildOperationWorker;Lorg/gradle/internal/operations/BuildOperationState;)V+18
j  org.gradle.internal.operations.DefaultBuildOperationRunner.call(Lorg/gradle/internal/operations/CallableBuildOperation;)Ljava/lang/Object;+16
j  org.gradle.internal.operations.DefaultBuildOperationExecutor.call(Lorg/gradle/internal/operations/CallableBuildOperation;)Ljava/lang/Object;+5
j  org.gradle.initialization.BuildOperationSettingsProcessor.process(Lorg/gradle/api/internal/GradleInternal;Lorg/gradle/initialization/SettingsLocation;Lorg/gradle/api/internal/initialization/ClassLoaderScope;Lorg/gradle/StartParameter;)Lorg/gradle/api/internal/SettingsInternal;+17
j  org.gradle.initialization.DefaultSettingsLoader.findSettingsAndLoadIfAppropriate(Lorg/gradle/api/internal/GradleInternal;Lorg/gradle/StartParameter;Lorg/gradle/initialization/SettingsLocation;Lorg/gradle/api/internal/initialization/ClassLoaderScope;)Lorg/gradle/api/internal/SettingsInternal;+9
j  org.gradle.initialization.DefaultSettingsLoader.findAndLoadSettings(Lorg/gradle/api/internal/GradleInternal;)Lorg/gradle/api/internal/SettingsInternal;+33
j  org.gradle.initialization.SettingsAttachingSettingsLoader.findAndLoadSettings(Lorg/gradle/api/internal/GradleInternal;)Lorg/gradle/api/internal/SettingsInternal;+5
j  org.gradle.internal.composite.CommandLineIncludedBuildSettingsLoader.findAndLoadSettings(Lorg/gradle/api/internal/GradleInternal;)Lorg/gradle/api/internal/SettingsInternal;+5
j  org.gradle.internal.composite.ChildBuildRegisteringSettingsLoader.findAndLoadSettings(Lorg/gradle/api/internal/GradleInternal;)Lorg/gradle/api/internal/SettingsInternal;+5
j  org.gradle.internal.composite.CompositeBuildSettingsLoader.findAndLoadSettings(Lorg/gradle/api/internal/GradleInternal;)Lorg/gradle/api/internal/SettingsInternal;+5
j  org.gradle.initialization.InitScriptHandlingSettingsLoader.findAndLoadSettings(Lorg/gradle/api/internal/GradleInternal;)Lorg/gradle/api/internal/SettingsInternal;+13
j  org.gradle.initialization.GradlePropertiesHandlingSettingsLoader.findAndLoadSettings(Lorg/gradle/api/internal/GradleInternal;)Lorg/gradle/api/internal/SettingsInternal;+39
j  org.gradle.initialization.DefaultSettingsPreparer.prepareSettings(Lorg/gradle/api/internal/GradleInternal;)V+33
j  org.gradle.initialization.BuildOperationFiringSettingsPreparer$LoadBuild.doLoadBuild()V+11
j  org.gradle.initialization.BuildOperationFiringSettingsPreparer$LoadBuild.run(Lorg/gradle/internal/operations/BuildOperationContext;)V+1
j  org.gradle.internal.operations.DefaultBuildOperationRunner$1.execute(Lorg/gradle/internal/operations/RunnableBuildOperation;Lorg/gradle/internal/operations/BuildOperationContext;)V+2
j  org.gradle.internal.operations.DefaultBuildOperationRunner$1.execute(Lorg/gradle/internal/operations/BuildOperation;Lorg/gradle/internal/operations/BuildOperationContext;)V+6
j  org.gradle.internal.operations.DefaultBuildOperationRunner$2.execute(Lorg/gradle/internal/operations/BuildOperationDescriptor;Lorg/gradle/internal/operations/BuildOperationState;Lorg/gradle/internal/operations/BuildOperationState;Lorg/gradle/internal/operations/DefaultBuildOperationRunner$ReadableBuildOperationContext;Lorg/gradle/internal/operations/DefaultBuildOperationRunner$BuildOperationExecutionListener;)Lorg/gradle/internal/operations/BuildOperation;+22
j  org.gradle.internal.operations.DefaultBuildOperationRunner$2.execute(Lorg/gradle/internal/operations/BuildOperationDescriptor;Lorg/gradle/internal/operations/BuildOperationState;Lorg/gradle/internal/operations/BuildOperationState;Lorg/gradle/internal/operations/DefaultBuildOperationRunner$ReadableBuildOperationContext;Lorg/gradle/internal/operations/DefaultBuildOperationRunner$BuildOperationExecutionListener;)Ljava/lang/Object;+8
j  org.gradle.internal.operations.DefaultBuildOperationRunner.execute(Lorg/gradle/internal/operations/BuildOperationDescriptor$Builder;Lorg/gradle/internal/operations/BuildOperationState;Lorg/gradle/internal/operations/DefaultBuildOperationRunner$BuildOperationExecution;)Ljava/lang/Object;+141
j  org.gradle.internal.operations.DefaultBuildOperationRunner.execute(Lorg/gradle/internal/operations/BuildOperation;Lorg/gradle/internal/operations/BuildOperationWorker;Lorg/gradle/internal/operations/BuildOperationState;)V+18
j  org.gradle.internal.operations.DefaultBuildOperationRunner.run(Lorg/gradle/internal/operations/RunnableBuildOperation;)V+9
j  org.gradle.internal.operations.DefaultBuildOperationExecutor.run(Lorg/gradle/internal/operations/RunnableBuildOperation;)V+5
j  org.gradle.initialization.BuildOperationFiringSettingsPreparer.prepareSettings(Lorg/gradle/api/internal/GradleInternal;)V+13
j  org.gradle.initialization.VintageBuildModelController.lambda$prepareSettings$2()V+8
j  org.gradle.initialization.VintageBuildModelController$$Lambda$220+0x00000001003de990.run()V+4
j  org.gradle.internal.model.StateTransitionController.lambda$doTransition$12(Ljava/lang/Runnable;)Lorg/gradle/internal/build/ExecutionResult;+1
j  org.gradle.internal.model.StateTransitionController$$Lambda$219+0x00000001003de748.get()Ljava/lang/Object;+4
j  org.gradle.internal.model.StateTransitionController.doTransition(Lorg/gradle/internal/model/StateTransitionController$State;Lorg/gradle/internal/model/StateTransitionController$State;Ljava/util/function/Supplier;)Lorg/gradle/internal/build/ExecutionResult;+24
j  org.gradle.internal.model.StateTransitionController.doTransition(Lorg/gradle/internal/model/StateTransitionController$State;Lorg/gradle/internal/model/StateTransitionController$State;Ljava/lang/Runnable;)V+9
j  org.gradle.internal.model.StateTransitionController.lambda$transitionIfNotPreviously$10(Lorg/gradle/internal/model/StateTransitionController$State;Lorg/gradle/internal/model/StateTransitionController$State;Ljava/lang/Runnable;)V+16
j  org.gradle.internal.model.StateTransitionController$$Lambda$221+0x00000001003debd8.run()V+16
j  org.gradle.internal.work.DefaultSynchronizer.withLock(Ljava/lang/Runnable;)V+6
j  org.gradle.internal.model.StateTransitionController.transitionIfNotPreviously(Lorg/gradle/internal/model/StateTransitionController$State;Lorg/gradle/internal/model/StateTransitionController$State;Ljava/lang/Runnable;)V+13
j  org.gradle.initialization.VintageBuildModelController.prepareSettings()V+16
j  org.gradle.initialization.VintageBuildModelController.prepareToScheduleTasks()V+1
j  org.gradle.internal.build.DefaultBuildLifecycleController.lambda$prepareToScheduleTasks$2()V+9
j  org.gradle.internal.build.DefaultBuildLifecycleController$$Lambda$217+0x00000001003de2b8.run()V+4
j  org.gradle.internal.model.StateTransitionController.lambda$doTransition$12(Ljava/lang/Runnable;)Lorg/gradle/internal/build/ExecutionResult;+1
j  org.gradle.internal.model.StateTransitionController$$Lambda$219+0x00000001003de748.get()Ljava/lang/Object;+4
j  org.gradle.internal.model.StateTransitionController.doTransition(Lorg/gradle/internal/model/StateTransitionController$State;Lorg/gradle/internal/model/StateTransitionController$State;Ljava/util/function/Supplier;)Lorg/gradle/internal/build/ExecutionResult;+24
j  org.gradle.internal.model.StateTransitionController.doTransition(Lorg/gradle/internal/model/StateTransitionController$State;Lorg/gradle/internal/model/StateTransitionController$State;Ljava/lang/Runnable;)V+9
j  org.gradle.internal.model.StateTransitionController.lambda$maybeTransition$8(Lorg/gradle/internal/model/StateTransitionController$State;Lorg/gradle/internal/model/StateTransitionController$State;Ljava/lang/Runnable;)V+16
j  org.gradle.internal.model.StateTransitionController$$Lambda$218+0x00000001003de500.run()V+16
j  org.gradle.internal.work.DefaultSynchronizer.withLock(Ljava/lang/Runnable;)V+6
j  org.gradle.internal.model.StateTransitionController.maybeTransition(Lorg/gradle/internal/model/StateTransitionController$State;Lorg/gradle/internal/model/StateTransitionController$State;Ljava/lang/Runnable;)V+13
j  org.gradle.internal.build.DefaultBuildLifecycleController.prepareToScheduleTasks()V+16
j  org.gradle.internal.buildtree.DefaultBuildTreeWorkPreparer.scheduleRequestedTasks(Lorg/gradle/internal/buildtree/BuildTreeWorkGraph;)V+4
j  org.gradle.internal.buildtree.DefaultBuildTreeLifecycleController.lambda$doScheduleAndRunTasks$2(Lorg/gradle/internal/buildtree/BuildTreeWorkGraph;)Lorg/gradle/internal/build/ExecutionResult;+5
j  org.gradle.internal.buildtree.DefaultBuildTreeLifecycleController$$Lambda$215+0x00000001003dde30.apply(Ljava/lang/Object;)Ljava/lang/Object;+8
j  org.gradle.composite.internal.DefaultIncludedBuildTaskGraph.withNewWorkGraph(Ljava/util/function/Function;)Ljava/lang/Object;+30
j  org.gradle.internal.buildtree.DefaultBuildTreeLifecycleController.doScheduleAndRunTasks()Lorg/gradle/internal/build/ExecutionResult;+10
j  org.gradle.internal.buildtree.DefaultBuildTreeLifecycleController$$Lambda$211+0x00000001003dd2f0.get()Ljava/lang/Object;+4
j  org.gradle.internal.buildtree.DefaultBuildTreeLifecycleController.lambda$runBuild$4(Ljava/util/function/Supplier;)Ljava/lang/Object;+1
j  org.gradle.internal.buildtree.DefaultBuildTreeLifecycleController$$Lambda$212+0x00000001003dd538.get()Ljava/lang/Object;+8
j  org.gradle.internal.model.StateTransitionController.lambda$transition$5(Ljava/util/function/Supplier;)Lorg/gradle/internal/build/ExecutionResult;+1
j  org.gradle.internal.model.StateTransitionController$$Lambda$214+0x00000001003dd9c8.get()Ljava/lang/Object;+4
j  org.gradle.internal.model.StateTransitionController.doTransition(Lorg/gradle/internal/model/StateTransitionController$State;Lorg/gradle/internal/model/StateTransitionController$State;Ljava/util/function/Supplier;)Lorg/gradle/internal/build/ExecutionResult;+24
j  org.gradle.internal.model.StateTransitionController.lambda$transition$6(Lorg/gradle/internal/model/StateTransitionController$State;Lorg/gradle/internal/model/StateTransitionController$State;Ljava/util/function/Supplier;)Ljava/lang/Object;+9
j  org.gradle.internal.model.StateTransitionController$$Lambda$213+0x00000001003dd780.create()Ljava/lang/Object;+16
j  org.gradle.internal.work.DefaultSynchronizer.withLock(Lorg/gradle/internal/Factory;)Ljava/lang/Object;+6
j  org.gradle.internal.model.StateTransitionController.transition(Lorg/gradle/internal/model/StateTransitionController$State;Lorg/gradle/internal/model/StateTransitionController$State;Ljava/util/function/Supplier;)Ljava/lang/Object;+13
j  org.gradle.internal.buildtree.DefaultBuildTreeLifecycleController.runBuild(Ljava/util/function/Supplier;)Ljava/lang/Object;+17
j  org.gradle.internal.buildtree.DefaultBuildTreeLifecycleController.scheduleAndRunTasks()V+7
j  org.gradle.tooling.internal.provider.ExecuteBuildActionRunner.run(Lorg/gradle/internal/invocation/BuildAction;Lorg/gradle/internal/buildtree/BuildTreeLifecycleController;)Lorg/gradle/internal/buildtree/BuildActionRunner$Result;+12
j  org.gradle.launcher.exec.ChainingBuildActionRunner.run(Lorg/gradle/internal/invocation/BuildAction;Lorg/gradle/internal/buildtree/BuildTreeLifecycleController;)Lorg/gradle/internal/buildtree/BuildActionRunner$Result;+34
j  org.gradle.internal.buildtree.ProblemReportingBuildActionRunner.run(Lorg/gradle/internal/invocation/BuildAction;Lorg/gradle/internal/buildtree/BuildTreeLifecycleController;)Lorg/gradle/internal/buildtree/BuildActionRunner$Result;+12
j  org.gradle.launcher.exec.BuildOutcomeReportingBuildActionRunner.run(Lorg/gradle/internal/invocation/BuildAction;Lorg/gradle/internal/buildtree/BuildTreeLifecycleController;)Lorg/gradle/internal/buildtree/BuildActionRunner$Result;+69
j  org.gradle.tooling.internal.provider.FileSystemWatchingBuildActionRunner.run(Lorg/gradle/internal/invocation/BuildAction;Lorg/gradle/internal/buildtree/BuildTreeLifecycleController;)Lorg/gradle/internal/buildtree/BuildActionRunner$Result;+329
j  org.gradle.launcher.exec.BuildCompletionNotifyingBuildActionRunner.run(Lorg/gradle/internal/invocation/BuildAction;Lorg/gradle/internal/buildtree/BuildTreeLifecycleController;)Lorg/gradle/internal/buildtree/BuildActionRunner$Result;+6
j  org.gradle.launcher.exec.RootBuildLifecycleBuildActionExecutor.lambda$execute$0(Lorg/gradle/internal/invocation/BuildAction;Lorg/gradle/internal/buildtree/BuildTreeLifecycleController;)Lorg/gradle/internal/buildtree/BuildActionRunner$Result;+6
j  org.gradle.launcher.exec.RootBuildLifecycleBuildActionExecutor$$Lambda$170+0x00000001003bf9e0.apply(Ljava/lang/Object;)Ljava/lang/Object;+12
j  org.gradle.composite.internal.DefaultRootBuildState.run(Ljava/util/function/Function;)Ljava/lang/Object;+87
j  org.gradle.launcher.exec.RootBuildLifecycleBuildActionExecutor.execute(Lorg/gradle/internal/invocation/BuildAction;Lorg/gradle/internal/buildtree/BuildTreeContext;)Lorg/gradle/internal/buildtree/BuildActionRunner$Result;+28
j  org.gradle.internal.buildtree.DefaultBuildTreeContext.execute(Lorg/gradle/internal/invocation/BuildAction;)Lorg/gradle/internal/buildtree/BuildActionRunner$Result;+64
j  org.gradle.launcher.exec.BuildTreeLifecycleBuildActionExecutor.lambda$execute$0(Lorg/gradle/internal/invocation/BuildAction;Lorg/gradle/internal/buildtree/BuildTreeContext;)Lorg/gradle/internal/buildtree/BuildActionRunner$Result;+2
j  org.gradle.launcher.exec.BuildTreeLifecycleBuildActionExecutor$$Lambda$111+0x000000010029eca0.apply(Ljava/lang/Object;)Ljava/lang/Object;+8
j  org.gradle.internal.buildtree.BuildTreeState.run(Ljava/util/function/Function;)Ljava/lang/Object;+5
j  org.gradle.launcher.exec.BuildTreeLifecycleBuildActionExecutor.execute(Lorg/gradle/internal/invocation/BuildAction;Lorg/gradle/internal/session/BuildSessionContext;)Lorg/gradle/internal/buildtree/BuildActionRunner$Result;+181
j  org.gradle.launcher.exec.RunAsBuildOperationBuildActionExecutor$3.call(Lorg/gradle/internal/operations/BuildOperationContext;)Lorg/gradle/internal/buildtree/BuildActionRunner$Result;+25
j  org.gradle.launcher.exec.RunAsBuildOperationBuildActionExecutor$3.call(Lorg/gradle/internal/operations/BuildOperationContext;)Ljava/lang/Object;+2
j  org.gradle.internal.operations.DefaultBuildOperationRunner$CallableBuildOperationWorker.execute(Lorg/gradle/internal/operations/CallableBuildOperation;Lorg/gradle/internal/operations/BuildOperationContext;)V+3
j  org.gradle.internal.operations.DefaultBuildOperationRunner$CallableBuildOperationWorker.execute(Lorg/gradle/internal/operations/BuildOperation;Lorg/gradle/internal/operations/BuildOperationContext;)V+6
j  org.gradle.internal.operations.DefaultBuildOperationRunner$2.execute(Lorg/gradle/internal/operations/BuildOperationDescriptor;Lorg/gradle/internal/operations/BuildOperationState;Lorg/gradle/internal/operations/BuildOperationState;Lorg/gradle/internal/operations/DefaultBuildOperationRunner$ReadableBuildOperationContext;Lorg/gradle/internal/operations/DefaultBuildOperationRunner$BuildOperationExecutionListener;)Lorg/gradle/internal/operations/BuildOperation;+22
j  org.gradle.internal.operations.DefaultBuildOperationRunner$2.execute(Lorg/gradle/internal/operations/BuildOperationDescriptor;Lorg/gradle/internal/operations/BuildOperationState;Lorg/gradle/internal/operations/BuildOperationState;Lorg/gradle/internal/operations/DefaultBuildOperationRunner$ReadableBuildOperationContext;Lorg/gradle/internal/operations/DefaultBuildOperationRunner$BuildOperationExecutionListener;)Ljava/lang/Object;+8
j  org.gradle.internal.operations.DefaultBuildOperationRunner.execute(Lorg/gradle/internal/operations/BuildOperationDescriptor$Builder;Lorg/gradle/internal/operations/BuildOperationState;Lorg/gradle/internal/operations/DefaultBuildOperationRunner$BuildOperationExecution;)Ljava/lang/Object;+141
j  org.gradle.internal.operations.DefaultBuildOperationRunner.execute(Lorg/gradle/internal/operations/BuildOperation;Lorg/gradle/internal/operations/BuildOperationWorker;Lorg/gradle/internal/operations/BuildOperationState;)V+18
j  org.gradle.internal.operations.DefaultBuildOperationRunner.call(Lorg/gradle/internal/operations/CallableBuildOperation;)Ljava/lang/Object;+16
j  org.gradle.internal.operations.DefaultBuildOperationExecutor.call(Lorg/gradle/internal/operations/CallableBuildOperation;)Ljava/lang/Object;+5
j  org.gradle.launcher.exec.RunAsBuildOperationBuildActionExecutor.execute(Lorg/gradle/internal/invocation/BuildAction;Lorg/gradle/internal/session/BuildSessionContext;)Lorg/gradle/internal/buildtree/BuildActionRunner$Result;+23
j  org.gradle.launcher.exec.RunAsWorkerThreadBuildActionExecutor.lambda$execute$0(Lorg/gradle/internal/invocation/BuildAction;Lorg/gradle/internal/session/BuildSessionContext;)Lorg/gradle/internal/buildtree/BuildActionRunner$Result;+6
j  org.gradle.launcher.exec.RunAsWorkerThreadBuildActionExecutor$$Lambda$110+0x000000010028f780.create()Ljava/lang/Object;+12
j  org.gradle.internal.work.DefaultWorkerLeaseService.withLocks(Ljava/util/Collection;Lorg/gradle/internal/Factory;)Ljava/lang/Object;+28
j  org.gradle.internal.work.DefaultWorkerLeaseService.runAsWorkerThread(Lorg/gradle/internal/Factory;)Ljava/lang/Object;+33
j  org.gradle.launcher.exec.RunAsWorkerThreadBuildActionExecutor.execute(Lorg/gradle/internal/invocation/BuildAction;Lorg/gradle/internal/session/BuildSessionContext;)Lorg/gradle/internal/buildtree/BuildActionRunner$Result;+12
j  org.gradle.tooling.internal.provider.continuous.ContinuousBuildActionExecutor.execute(Lorg/gradle/internal/invocation/BuildAction;Lorg/gradle/internal/session/BuildSessionContext;)Lorg/gradle/internal/buildtree/BuildActionRunner$Result;+58
j  org.gradle.tooling.internal.provider.SubscribableBuildActionExecutor.execute(Lorg/gradle/internal/invocation/BuildAction;Lorg/gradle/internal/session/BuildSessionContext;)Lorg/gradle/internal/buildtree/BuildActionRunner$Result;+30
j  org.gradle.internal.session.DefaultBuildSessionContext.execute(Lorg/gradle/internal/invocation/BuildAction;)Lorg/gradle/internal/buildtree/BuildActionRunner$Result;+64
j  org.gradle.tooling.internal.provider.BuildSessionLifecycleBuildActionExecuter$ActionImpl.apply(Lorg/gradle/internal/session/BuildSessionContext;)Lorg/gradle/launcher/exec/BuildActionResult;+6
j  org.gradle.tooling.internal.provider.BuildSessionLifecycleBuildActionExecuter$ActionImpl.apply(Ljava/lang/Object;)Ljava/lang/Object;+5
j  org.gradle.internal.session.BuildSessionState.run(Ljava/util/function/Function;)Ljava/lang/Object;+5
j  org.gradle.tooling.internal.provider.BuildSessionLifecycleBuildActionExecuter.execute(Lorg/gradle/internal/invocation/BuildAction;Lorg/gradle/launcher/exec/BuildActionParameters;Lorg/gradle/initialization/BuildRequestContext;)Lorg/gradle/launcher/exec/BuildActionResult;+95
j  org.gradle.tooling.internal.provider.BuildSessionLifecycleBuildActionExecuter.execute(Lorg/gradle/internal/invocation/BuildAction;Ljava/lang/Object;Ljava/lang/Object;)Lorg/gradle/launcher/exec/BuildActionResult;+10
j  org.gradle.tooling.internal.provider.StartParamsValidatingActionExecuter.execute(Lorg/gradle/internal/invocation/BuildAction;Lorg/gradle/launcher/exec/BuildActionParameters;Lorg/gradle/initialization/BuildRequestContext;)Lorg/gradle/launcher/exec/BuildActionResult;+177
j  org.gradle.tooling.internal.provider.StartParamsValidatingActionExecuter.execute(Lorg/gradle/internal/invocation/BuildAction;Ljava/lang/Object;Ljava/lang/Object;)Lorg/gradle/launcher/exec/BuildActionResult;+10
j  org.gradle.tooling.internal.provider.SessionFailureReportingActionExecuter.execute(Lorg/gradle/internal/invocation/BuildAction;Lorg/gradle/launcher/exec/BuildActionParameters;Lorg/gradle/initialization/BuildRequestContext;)Lorg/gradle/launcher/exec/BuildActionResult;+7
j  org.gradle.tooling.internal.provider.SessionFailureReportingActionExecuter.execute(Lorg/gradle/internal/invocation/BuildAction;Ljava/lang/Object;Ljava/lang/Object;)Lorg/gradle/launcher/exec/BuildActionResult;+10
j  org.gradle.tooling.internal.provider.SetupLoggingActionExecuter.execute(Lorg/gradle/internal/invocation/BuildAction;Lorg/gradle/launcher/exec/BuildActionParameters;Lorg/gradle/initialization/BuildRequestContext;)Lorg/gradle/launcher/exec/BuildActionResult;+50
j  org.gradle.tooling.internal.provider.SetupLoggingActionExecuter.execute(Lorg/gradle/internal/invocation/BuildAction;Ljava/lang/Object;Ljava/lang/Object;)Lorg/gradle/launcher/exec/BuildActionResult;+10
j  org.gradle.launcher.daemon.server.exec.ExecuteBuild.doBuild(Lorg/gradle/launcher/daemon/server/api/DaemonCommandExecution;Lorg/gradle/launcher/daemon/protocol/Build;)V+117
j  org.gradle.launcher.daemon.server.exec.BuildCommandOnly.execute(Lorg/gradle/launcher/daemon/server/api/DaemonCommandExecution;)V+49
j  org.gradle.launcher.daemon.server.api.DaemonCommandExecution.proceed()Z+23
j  org.gradle.launcher.daemon.server.exec.WatchForDisconnection.execute(Lorg/gradle/launcher/daemon/server/api/DaemonCommandExecution;)V+19
j  org.gradle.launcher.daemon.server.api.DaemonCommandExecution.proceed()Z+23
j  org.gradle.launcher.daemon.server.exec.ResetDeprecationLogger.execute(Lorg/gradle/launcher/daemon/server/api/DaemonCommandExecution;)V+7
j  org.gradle.launcher.daemon.server.api.DaemonCommandExecution.proceed()Z+23
j  org.gradle.launcher.daemon.server.exec.RequestStopIfSingleUsedDaemon.execute(Lorg/gradle/launcher/daemon/server/api/DaemonCommandExecution;)V+33
j  org.gradle.launcher.daemon.server.api.DaemonCommandExecution.proceed()Z+23
j  org.gradle.launcher.daemon.server.exec.ForwardClientInput$2.create()Ljava/lang/Void;+4
j  org.gradle.launcher.daemon.server.exec.ForwardClientInput$2.create()Ljava/lang/Object;+1
j  org.gradle.util.internal.Swapper.swap(Ljava/lang/Object;Lorg/gradle/internal/Factory;)Ljava/lang/Object;+21
j  org.gradle.launcher.daemon.server.exec.ForwardClientInput.execute(Lorg/gradle/launcher/daemon/server/api/DaemonCommandExecution;)V+63
j  org.gradle.launcher.daemon.server.api.DaemonCommandExecution.proceed()Z+23
j  org.gradle.launcher.daemon.server.exec.LogAndCheckHealth.execute(Lorg/gradle/launcher/daemon/server/api/DaemonCommandExecution;)V+28
j  org.gradle.launcher.daemon.server.api.DaemonCommandExecution.proceed()Z+23
j  org.gradle.launcher.daemon.server.exec.LogToClient.doBuild(Lorg/gradle/launcher/daemon/server/api/DaemonCommandExecution;Lorg/gradle/launcher/daemon/protocol/Build;)V+87
j  org.gradle.launcher.daemon.server.exec.BuildCommandOnly.execute(Lorg/gradle/launcher/daemon/server/api/DaemonCommandExecution;)V+49
j  org.gradle.launcher.daemon.server.api.DaemonCommandExecution.proceed()Z+23
j  org.gradle.launcher.daemon.server.exec.EstablishBuildEnvironment.doBuild(Lorg/gradle/launcher/daemon/server/api/DaemonCommandExecution;Lorg/gradle/launcher/daemon/protocol/Build;)V+356
j  org.gradle.launcher.daemon.server.exec.BuildCommandOnly.execute(Lorg/gradle/launcher/daemon/server/api/DaemonCommandExecution;)V+49
j  org.gradle.launcher.daemon.server.api.DaemonCommandExecution.proceed()Z+23
j  org.gradle.launcher.daemon.server.exec.StartBuildOrRespondWithBusy$1.run()V+44
j  org.gradle.launcher.daemon.server.DaemonStateCoordinator$1.run()V+4
j  org.gradle.internal.concurrent.ExecutorPolicy$CatchAndRecordFailures.onExecute(Ljava/lang/Runnable;)V+1
j  org.gradle.internal.concurrent.ManagedExecutorImpl$1.run()V+25
j  java.util.concurrent.ThreadPoolExecutor.runWorker(Ljava/util/concurrent/ThreadPoolExecutor$Worker;)V+92 java.base@17.0.6
j  java.util.concurrent.ThreadPoolExecutor$Worker.run()V+5 java.base@17.0.6
j  java.lang.Thread.run()V+11 java.base@17.0.6
v  ~StubRoutines::call_stub

---------------  P R O C E S S  ---------------

Threads class SMR info:
_java_thread_list=0x000001e7bab83890, length=34, elements={
0x000001e79f43fdc0, 0x000001e7b7709620, 0x000001e7b770a3a0, 0x000001e7b76f3260,
0x000001e7b76f4c30, 0x000001e7b76f54f0, 0x000001e7b76f5db0, 0x000001e7b77374a0,
0x000001e7b7737e50, 0x000001e7b810e0a0, 0x000001e7b8295cc0, 0x000001e7b82965a0,
0x000001e7b983e010, 0x000001e7bada6ce0, 0x000001e7bb18cdd0, 0x000001e7b9889de0,
0x000001e7bb1e49a0, 0x000001e7bb1e65f0, 0x000001e7b9404670, 0x000001e7bb0d0ee0,
0x000001e7bb0d0540, 0x000001e7bb0d1880, 0x000001e7bb0d0070, 0x000001e7bb0d0a10,
0x000001e7bb0d13b0, 0x000001e7ba962020, 0x000001e7ba965eb0, 0x000001e7ba966850,
0x000001e7ba964b70, 0x000001e7ba960ce0, 0x000001e7ba9611b0, 0x000001e7ba9641d0,
0x000001e7ba965040, 0x000001e7b86cdcb0
}

Java Threads: ( => current thread )
  0x000001e79f43fdc0 JavaThread "main" [_thread_blocked, id=14280, stack(0x000000de27800000,0x000000de27900000)]
  0x000001e7b7709620 JavaThread "Reference Handler" daemon [_thread_blocked, id=9092, stack(0x000000de28000000,0x000000de28100000)]
  0x000001e7b770a3a0 JavaThread "Finalizer" daemon [_thread_blocked, id=18592, stack(0x000000de28100000,0x000000de28200000)]
  0x000001e7b76f3260 JavaThread "Signal Dispatcher" daemon [_thread_blocked, id=9440, stack(0x000000de28200000,0x000000de28300000)]
  0x000001e7b76f4c30 JavaThread "Attach Listener" daemon [_thread_blocked, id=12080, stack(0x000000de28300000,0x000000de28400000)]
  0x000001e7b76f54f0 JavaThread "Service Thread" daemon [_thread_blocked, id=7636, stack(0x000000de28400000,0x000000de28500000)]
  0x000001e7b76f5db0 JavaThread "Monitor Deflation Thread" daemon [_thread_blocked, id=10640, stack(0x000000de28500000,0x000000de28600000)]
  0x000001e7b77374a0 JavaThread "C2 CompilerThread0" daemon [_thread_blocked, id=8112, stack(0x000000de28600000,0x000000de28700000)]
  0x000001e7b7737e50 JavaThread "C1 CompilerThread0" daemon [_thread_blocked, id=15956, stack(0x000000de28700000,0x000000de28800000)]
  0x000001e7b810e0a0 JavaThread "Sweeper thread" daemon [_thread_blocked, id=8044, stack(0x000000de28800000,0x000000de28900000)]
  0x000001e7b8295cc0 JavaThread "Common-Cleaner" daemon [_thread_blocked, id=18000, stack(0x000000de28900000,0x000000de28a00000)]
  0x000001e7b82965a0 JavaThread "Notification Thread" daemon [_thread_blocked, id=4216, stack(0x000000de28a00000,0x000000de28b00000)]
  0x000001e7b983e010 JavaThread "Daemon health stats" [_thread_blocked, id=17516, stack(0x000000de28e00000,0x000000de28f00000)]
  0x000001e7bada6ce0 JavaThread "Incoming local TCP Connector on port 49639" [_thread_in_native, id=17236, stack(0x000000de29000000,0x000000de29100000)]
  0x000001e7bb18cdd0 JavaThread "Daemon periodic checks" [_thread_blocked, id=11040, stack(0x000000de29100000,0x000000de29200000)]
  0x000001e7b9889de0 JavaThread "Daemon" [_thread_blocked, id=4016, stack(0x000000de29300000,0x000000de29400000)]
  0x000001e7bb1e49a0 JavaThread "Handler for socket connection from /127.0.0.1:49639 to /127.0.0.1:49640" [_thread_in_native, id=19356, stack(0x000000de29400000,0x000000de29500000)]
  0x000001e7bb1e65f0 JavaThread "Cancel handler" [_thread_blocked, id=16232, stack(0x000000de29200000,0x000000de29300000)]
=>0x000001e7b9404670 JavaThread "Daemon worker" [_thread_in_vm, id=18180, stack(0x000000de29500000,0x000000de29600000)]
  0x000001e7bb0d0ee0 JavaThread "Asynchronous log dispatcher for DefaultDaemonConnection: socket connection from /127.0.0.1:49639 to /127.0.0.1:49640" [_thread_blocked, id=12076, stack(0x000000de29600000,0x000000de29700000)]
  0x000001e7bb0d0540 JavaThread "Stdin handler" [_thread_in_vm, id=17536, stack(0x000000de29700000,0x000000de29800000)]
  0x000001e7bb0d1880 JavaThread "Daemon client event forwarder" [_thread_blocked, id=10128, stack(0x000000de29800000,0x000000de29900000)]
  0x000001e7bb0d0070 JavaThread "Cache worker for journal cache (C:\Users\01\.gradle\caches\journal-1)" [_thread_blocked, id=1892, stack(0x000000de29900000,0x000000de29a00000)]
  0x000001e7bb0d0a10 JavaThread "File lock request listener" [_thread_in_native, id=5756, stack(0x000000de29a00000,0x000000de29b00000)]
  0x000001e7bb0d13b0 JavaThread "Cache worker for file hash cache (C:\Users\01\.gradle\caches\7.5\fileHashes)" [_thread_blocked, id=18916, stack(0x000000de29b00000,0x000000de29c00000)]
  0x000001e7ba962020 JavaThread "File watcher server" daemon [_thread_in_native, id=13672, stack(0x000000de29c00000,0x000000de29d00000)]
  0x000001e7ba965eb0 JavaThread "File watcher consumer" daemon [_thread_blocked, id=14164, stack(0x000000de29d00000,0x000000de29e00000)]
  0x000001e7ba966850 JavaThread "Cache worker for checksums cache (D:\vishu\vishu intern\waterapp1\android\.gradle\7.5\checksums)" [_thread_blocked, id=8404, stack(0x000000de29e00000,0x000000de29f00000)]
  0x000001e7ba964b70 JavaThread "Cache worker for cache directory md-rule (C:\Users\01\.gradle\caches\7.5\md-rule)" [_thread_blocked, id=16960, stack(0x000000de29f00000,0x000000de2a000000)]
  0x000001e7ba960ce0 JavaThread "Cache worker for file content cache (C:\Users\01\.gradle\caches\7.5\fileContent)" [_thread_blocked, id=18700, stack(0x000000de2a000000,0x000000de2a100000)]
  0x000001e7ba9611b0 JavaThread "Cache worker for file hash cache (D:\vishu\vishu intern\waterapp1\android\.gradle\7.5\fileHashes)" [_thread_blocked, id=15724, stack(0x000000de2a100000,0x000000de2a200000)]
  0x000001e7ba9641d0 JavaThread "Cache worker for cache directory md-supplier (C:\Users\01\.gradle\caches\7.5\md-supplier)" [_thread_blocked, id=11868, stack(0x000000de2a200000,0x000000de2a300000)]
  0x000001e7ba965040 JavaThread "Cache worker for execution history cache (C:\Users\01\.gradle\caches\7.5\executionHistory)" [_thread_blocked, id=19192, stack(0x000000de2a400000,0x000000de2a500000)]
  0x000001e7b86cdcb0 JavaThread "C2 CompilerThread1" daemon [_thread_in_native, id=2664, stack(0x000000de2a300000,0x000000de2a400000)]

Other Threads:
  0x000001e7b76e6300 VMThread "VM Thread" [stack: 0x000000de27f00000,0x000000de28000000] [id=10036]
  0x000001e7b82b6c90 WatcherThread [stack: 0x000000de28b00000,0x000000de28c00000] [id=16856]
  0x000001e79f48e7b0 GCTaskThread "GC Thread#0" [stack: 0x000000de27a00000,0x000000de27b00000] [id=17820]
  0x000001e7b88a9f10 GCTaskThread "GC Thread#1" [stack: 0x000000de28c00000,0x000000de28d00000] [id=18984]
  0x000001e7b870f2b0 GCTaskThread "GC Thread#2" [stack: 0x000000de28d00000,0x000000de28e00000] [id=18056]
  0x000001e7b91cda10 GCTaskThread "GC Thread#3" [stack: 0x000000de28f00000,0x000000de29000000] [id=2116]
  0x000001e79f49b600 ConcurrentGCThread "G1 Main Marker" [stack: 0x000000de27b00000,0x000000de27c00000] [id=9712]
  0x000001e79f49bf20 ConcurrentGCThread "G1 Conc#0" [stack: 0x000000de27c00000,0x000000de27d00000] [id=15776]
  0x000001e79f50bf90 ConcurrentGCThread "G1 Refine#0" [stack: 0x000000de27d00000,0x000000de27e00000] [id=10208]
  0x000001e79f50c8c0 ConcurrentGCThread "G1 Service" [stack: 0x000000de27e00000,0x000000de27f00000] [id=11004]

Threads with active compile tasks:
C2 CompilerThread1    19771 2906       4       jdk.internal.loader.URLClassPath::getResource (74 bytes)

VM state: not at safepoint (normal execution)

VM Mutex/Monitor currently owned by a thread:  ([mutex/lock_event])
[0x000001e79f43ae40] Metaspace_lock - owner thread: 0x000001e7b9404670

Heap address: 0x00000000a0000000, size: 1536 MB, Compressed Oops mode: 32-bit

CDS archive(s) not mapped
Compressed class space mapped at: 0x0000000100000000-0x0000000140000000, reserved size: 1073741824
Narrow klass base: 0x0000000000000000, Narrow klass shift: 3, Narrow klass range: 0x140000000

GC Precious Log:
 CPUs: 4 total, 4 available
 Memory: 8058M
 Large Page Support: Disabled
 NUMA Support: Disabled
 Compressed Oops: Enabled (32-bit)
 Heap Region Size: 1M
 Heap Min Capacity: 8M
 Heap Initial Capacity: 126M
 Heap Max Capacity: 1536M
 Pre-touch: Disabled
 Parallel Workers: 4
 Concurrent Workers: 1
 Concurrent Refinement Workers: 4
 Periodic GC: Disabled

Heap:
 garbage-first heap   total 68608K, used 36861K [0x00000000a0000000, 0x0000000100000000)
  region size 1024K, 20 young (20480K), 2 survivors (2048K)
 Metaspace       used 34955K, committed 35200K, reserved 1081344K
  class space    used 4670K, committed 4800K, reserved 1048576K

Heap Regions: E=young(eden), S=young(survivor), O=old, HS=humongous(starts), HC=humongous(continues), CS=collection set, F=free, OA=open archive, CA=closed archive, TAMS=top-at-mark-start (previous, next)
|   0|0x00000000a0000000, 0x00000000a0100000, 0x00000000a0100000|100%|HS|  |TAMS 0x00000000a0100000, 0x00000000a0000000| Complete 
|   1|0x00000000a0100000, 0x00000000a0200000, 0x00000000a0200000|100%|HC|  |TAMS 0x00000000a0200000, 0x00000000a0100000| Complete 
|   2|0x00000000a0200000, 0x00000000a0300000, 0x00000000a0300000|100%|HC|  |TAMS 0x00000000a0300000, 0x00000000a0200000| Complete 
|   3|0x00000000a0300000, 0x00000000a0400000, 0x00000000a0400000|100%| O|  |TAMS 0x00000000a0400000, 0x00000000a0300000| Untracked 
|   4|0x00000000a0400000, 0x00000000a0500000, 0x00000000a0500000|100%| O|  |TAMS 0x00000000a0500000, 0x00000000a0400000| Untracked 
|   5|0x00000000a0500000, 0x00000000a0600000, 0x00000000a0600000|100%| O|  |TAMS 0x00000000a0600000, 0x00000000a0500000| Untracked 
|   6|0x00000000a0600000, 0x00000000a0700000, 0x00000000a0700000|100%| O|  |TAMS 0x00000000a0700000, 0x00000000a0600000| Untracked 
|   7|0x00000000a0700000, 0x00000000a0800000, 0x00000000a0800000|100%| O|  |TAMS 0x00000000a0700000, 0x00000000a0700000| Untracked 
|   8|0x00000000a0800000, 0x00000000a0900000, 0x00000000a0900000|100%| O|  |TAMS 0x00000000a0900000, 0x00000000a0800000| Untracked 
|   9|0x00000000a0900000, 0x00000000a0a00000, 0x00000000a0a00000|100%| O|  |TAMS 0x00000000a0a00000, 0x00000000a0900000| Untracked 
|  10|0x00000000a0a00000, 0x00000000a0a00000, 0x00000000a0b00000|  0%| F|  |TAMS 0x00000000a0a00000, 0x00000000a0a00000| Untracked 
|  11|0x00000000a0b00000, 0x00000000a0c00000, 0x00000000a0c00000|100%| O|  |TAMS 0x00000000a0b00000, 0x00000000a0b00000| Untracked 
|  12|0x00000000a0c00000, 0x00000000a0d00000, 0x00000000a0d00000|100%| O|  |TAMS 0x00000000a0c00000, 0x00000000a0c00000| Untracked 
|  13|0x00000000a0d00000, 0x00000000a0e00000, 0x00000000a0e00000|100%| O|  |TAMS 0x00000000a0d00000, 0x00000000a0d00000| Untracked 
|  14|0x00000000a0e00000, 0x00000000a0f00000, 0x00000000a0f00000|100%| O|  |TAMS 0x00000000a0e00000, 0x00000000a0e00000| Untracked 
|  15|0x00000000a0f00000, 0x00000000a1000000, 0x00000000a1000000|100%| O|  |TAMS 0x00000000a0f00000, 0x00000000a0f00000| Untracked 
|  16|0x00000000a1000000, 0x00000000a1100000, 0x00000000a1100000|100%| O|  |TAMS 0x00000000a1000000, 0x00000000a1000000| Untracked 
|  17|0x00000000a1100000, 0x00000000a1200000, 0x00000000a1200000|100%| O|  |TAMS 0x00000000a1100000, 0x00000000a1100000| Untracked 
|  18|0x00000000a1200000, 0x00000000a1300000, 0x00000000a1300000|100%| O|  |TAMS 0x00000000a1200000, 0x00000000a1200000| Untracked 
|  19|0x00000000a1300000, 0x00000000a13ade00, 0x00000000a1400000| 67%| O|  |TAMS 0x00000000a1300000, 0x00000000a1300000| Untracked 
|  20|0x00000000a1400000, 0x00000000a1400000, 0x00000000a1500000|  0%| F|  |TAMS 0x00000000a1400000, 0x00000000a1400000| Untracked 
|  21|0x00000000a1500000, 0x00000000a1500000, 0x00000000a1600000|  0%| F|  |TAMS 0x00000000a1500000, 0x00000000a1500000| Untracked 
|  22|0x00000000a1600000, 0x00000000a1600000, 0x00000000a1700000|  0%| F|  |TAMS 0x00000000a1600000, 0x00000000a1600000| Untracked 
|  23|0x00000000a1700000, 0x00000000a1700000, 0x00000000a1800000|  0%| F|  |TAMS 0x00000000a1700000, 0x00000000a1700000| Untracked 
|  24|0x00000000a1800000, 0x00000000a1800000, 0x00000000a1900000|  0%| F|  |TAMS 0x00000000a1800000, 0x00000000a1800000| Untracked 
|  25|0x00000000a1900000, 0x00000000a1900000, 0x00000000a1a00000|  0%| F|  |TAMS 0x00000000a1900000, 0x00000000a1900000| Untracked 
|  26|0x00000000a1a00000, 0x00000000a1a00000, 0x00000000a1b00000|  0%| F|  |TAMS 0x00000000a1a00000, 0x00000000a1a00000| Untracked 
|  27|0x00000000a1b00000, 0x00000000a1b00000, 0x00000000a1c00000|  0%| F|  |TAMS 0x00000000a1b00000, 0x00000000a1b00000| Untracked 
|  28|0x00000000a1c00000, 0x00000000a1c00000, 0x00000000a1d00000|  0%| F|  |TAMS 0x00000000a1c00000, 0x00000000a1c00000| Untracked 
|  29|0x00000000a1d00000, 0x00000000a1d00000, 0x00000000a1e00000|  0%| F|  |TAMS 0x00000000a1d00000, 0x00000000a1d00000| Untracked 
|  30|0x00000000a1e00000, 0x00000000a1e00000, 0x00000000a1f00000|  0%| F|  |TAMS 0x00000000a1e00000, 0x00000000a1e00000| Untracked 
|  31|0x00000000a1f00000, 0x00000000a1f00000, 0x00000000a2000000|  0%| F|  |TAMS 0x00000000a1f00000, 0x00000000a1f00000| Untracked 
|  32|0x00000000a2000000, 0x00000000a2000000, 0x00000000a2100000|  0%| F|  |TAMS 0x00000000a2000000, 0x00000000a2000000| Untracked 
|  33|0x00000000a2100000, 0x00000000a2100000, 0x00000000a2200000|  0%| F|  |TAMS 0x00000000a2100000, 0x00000000a2100000| Untracked 
|  34|0x00000000a2200000, 0x00000000a2200000, 0x00000000a2300000|  0%| F|  |TAMS 0x00000000a2200000, 0x00000000a2200000| Untracked 
|  35|0x00000000a2300000, 0x00000000a2300000, 0x00000000a2400000|  0%| F|  |TAMS 0x00000000a2300000, 0x00000000a2300000| Untracked 
|  36|0x00000000a2400000, 0x00000000a2451630, 0x00000000a2500000| 31%| S|CS|TAMS 0x00000000a2400000, 0x00000000a2400000| Complete 
|  37|0x00000000a2500000, 0x00000000a2600000, 0x00000000a2600000|100%| S|CS|TAMS 0x00000000a2500000, 0x00000000a2500000| Complete 
|  38|0x00000000a2600000, 0x00000000a2600000, 0x00000000a2700000|  0%| F|  |TAMS 0x00000000a2600000, 0x00000000a2600000| Untracked 
|  39|0x00000000a2700000, 0x00000000a2700000, 0x00000000a2800000|  0%| F|  |TAMS 0x00000000a2700000, 0x00000000a2700000| Untracked 
|  40|0x00000000a2800000, 0x00000000a2800000, 0x00000000a2900000|  0%| F|  |TAMS 0x00000000a2800000, 0x00000000a2800000| Untracked 
|  41|0x00000000a2900000, 0x00000000a2900000, 0x00000000a2a00000|  0%| F|  |TAMS 0x00000000a2900000, 0x00000000a2900000| Untracked 
|  42|0x00000000a2a00000, 0x00000000a2a00000, 0x00000000a2b00000|  0%| F|  |TAMS 0x00000000a2a00000, 0x00000000a2a00000| Untracked 
|  43|0x00000000a2b00000, 0x00000000a2b00000, 0x00000000a2c00000|  0%| F|  |TAMS 0x00000000a2b00000, 0x00000000a2b00000| Untracked 
|  44|0x00000000a2c00000, 0x00000000a2c00000, 0x00000000a2d00000|  0%| F|  |TAMS 0x00000000a2c00000, 0x00000000a2c00000| Untracked 
|  45|0x00000000a2d00000, 0x00000000a2d00000, 0x00000000a2e00000|  0%| F|  |TAMS 0x00000000a2d00000, 0x00000000a2d00000| Untracked 
|  46|0x00000000a2e00000, 0x00000000a2e00000, 0x00000000a2f00000|  0%| F|  |TAMS 0x00000000a2e00000, 0x00000000a2e00000| Untracked 
|  47|0x00000000a2f00000, 0x00000000a2f00000, 0x00000000a3000000|  0%| F|  |TAMS 0x00000000a2f00000, 0x00000000a2f00000| Untracked 
|  48|0x00000000a3000000, 0x00000000a3000000, 0x00000000a3100000|  0%| F|  |TAMS 0x00000000a3000000, 0x00000000a3000000| Untracked 
|  49|0x00000000a3100000, 0x00000000a31aa168, 0x00000000a3200000| 66%| E|  |TAMS 0x00000000a3100000, 0x00000000a3100000| Complete 
|  50|0x00000000a3200000, 0x00000000a3300000, 0x00000000a3300000|100%| E|CS|TAMS 0x00000000a3200000, 0x00000000a3200000| Complete 
|  51|0x00000000a3300000, 0x00000000a3400000, 0x00000000a3400000|100%| E|CS|TAMS 0x00000000a3300000, 0x00000000a3300000| Complete 
|  52|0x00000000a3400000, 0x00000000a3500000, 0x00000000a3500000|100%| E|  |TAMS 0x00000000a3400000, 0x00000000a3400000| Complete 
|  53|0x00000000a3500000, 0x00000000a3600000, 0x00000000a3600000|100%| E|CS|TAMS 0x00000000a3500000, 0x00000000a3500000| Complete 
|  54|0x00000000a3600000, 0x00000000a3700000, 0x00000000a3700000|100%| E|CS|TAMS 0x00000000a3600000, 0x00000000a3600000| Complete 
|  55|0x00000000a3700000, 0x00000000a3800000, 0x00000000a3800000|100%| E|CS|TAMS 0x00000000a3700000, 0x00000000a3700000| Complete 
|  56|0x00000000a3800000, 0x00000000a3900000, 0x00000000a3900000|100%| E|CS|TAMS 0x00000000a3800000, 0x00000000a3800000| Complete 
|  73|0x00000000a4900000, 0x00000000a4a00000, 0x00000000a4a00000|100%| E|CS|TAMS 0x00000000a4900000, 0x00000000a4900000| Complete 
|  74|0x00000000a4a00000, 0x00000000a4b00000, 0x00000000a4b00000|100%| E|CS|TAMS 0x00000000a4a00000, 0x00000000a4a00000| Complete 
|  75|0x00000000a4b00000, 0x00000000a4c00000, 0x00000000a4c00000|100%| E|CS|TAMS 0x00000000a4b00000, 0x00000000a4b00000| Complete 
|  76|0x00000000a4c00000, 0x00000000a4d00000, 0x00000000a4d00000|100%| E|CS|TAMS 0x00000000a4c00000, 0x00000000a4c00000| Complete 
|  77|0x00000000a4d00000, 0x00000000a4e00000, 0x00000000a4e00000|100%| E|CS|TAMS 0x00000000a4d00000, 0x00000000a4d00000| Complete 
|  78|0x00000000a4e00000, 0x00000000a4f00000, 0x00000000a4f00000|100%| E|CS|TAMS 0x00000000a4e00000, 0x00000000a4e00000| Complete 
|  79|0x00000000a4f00000, 0x00000000a5000000, 0x00000000a5000000|100%| E|CS|TAMS 0x00000000a4f00000, 0x00000000a4f00000| Complete 
|  80|0x00000000a5000000, 0x00000000a5100000, 0x00000000a5100000|100%| E|CS|TAMS 0x00000000a5000000, 0x00000000a5000000| Complete 
| 124|0x00000000a7c00000, 0x00000000a7d00000, 0x00000000a7d00000|100%| E|CS|TAMS 0x00000000a7c00000, 0x00000000a7c00000| Complete 
| 125|0x00000000a7d00000, 0x00000000a7e00000, 0x00000000a7e00000|100%| E|CS|TAMS 0x00000000a7d00000, 0x00000000a7d00000| Complete 

Card table byte_map: [0x000001e7b1c10000,0x000001e7b1f10000] _byte_map_base: 0x000001e7b1710000

Marking Bits (Prev, Next): (CMBitMap*) 0x000001e79f48ed10, (CMBitMap*) 0x000001e79f48ecd0
 Prev Bits: [0x000001e7b3a10000, 0x000001e7b5210000)
 Next Bits: [0x000001e7b2210000, 0x000001e7b3a10000)

Polling page: 0x000001e79d430000

Metaspace:

Usage:
  Non-class:     29.58 MB used.
      Class:      4.56 MB used.
       Both:     34.14 MB used.

Virtual space:
  Non-class space:       32.00 MB reserved,      29.69 MB ( 93%) committed,  4 nodes.
      Class space:        1.00 GB reserved,       4.69 MB ( <1%) committed,  1 nodes.
             Both:        1.03 GB reserved,      34.38 MB (  3%) committed. 

Chunk freelists:
   Non-Class:  2.06 MB
       Class:  3.20 MB
        Both:  5.27 MB

MaxMetaspaceSize: unlimited
CompressedClassSpaceSize: 1.00 GB
Initial GC threshold: 21.00 MB
Current GC threshold: 35.25 MB
CDS: off
MetaspaceReclaimPolicy: balanced
 - commit_granule_bytes: 65536.
 - commit_granule_words: 8192.
 - virtual_space_node_default_size: 1048576.
 - enlarge_chunks_in_place: 1.
 - new_chunks_are_fully_committed: 0.
 - uncommit_free_chunks: 1.
 - use_allocation_guard: 0.
 - handle_deallocations: 1.


Internal statistics:

num_allocs_failed_limit: 3.
num_arena_births: 258.
num_arena_deaths: 0.
num_vsnodes_births: 5.
num_vsnodes_deaths: 0.
num_space_committed: 550.
num_space_uncommitted: 0.
num_chunks_returned_to_freelist: 3.
num_chunks_taken_from_freelist: 1188.
num_chunk_merges: 3.
num_chunk_splits: 809.
num_chunks_enlarged: 600.
num_purges: 0.
num_inconsistent_stats: 0.

CodeHeap 'non-profiled nmethods': size=120000Kb used=1614Kb max_used=1614Kb free=118385Kb
 bounds [0x000001e7aa3e0000, 0x000001e7aa650000, 0x000001e7b1910000]
CodeHeap 'profiled nmethods': size=120000Kb used=6034Kb max_used=6034Kb free=113965Kb
 bounds [0x000001e7a2910000, 0x000001e7a2f00000, 0x000001e7a9e40000]
CodeHeap 'non-nmethods': size=5760Kb used=1233Kb max_used=1295Kb free=4526Kb
 bounds [0x000001e7a9e40000, 0x000001e7aa0b0000, 0x000001e7aa3e0000]
 total_blobs=3467 nmethods=2922 adapters=457
 compilation: enabled
              stopped_count=0, restarted_count=0
 full_count=0

Compilation events (20 events):
Event: 19.540 Thread 0x000001e7b7737e50 2918       3       org.codehaus.groovy.reflection.ReflectionCache::isAssignableFrom (13 bytes)
Event: 19.541 Thread 0x000001e7b7737e50 nmethod 2918 0x000001e7a2ef1e10 code [0x000001e7a2ef1fc0, 0x000001e7a2ef2148]
Event: 19.542 Thread 0x000001e7b7737e50 2919       3       org.codehaus.groovy.reflection.ParameterTypes::getParameterTypes (16 bytes)
Event: 19.543 Thread 0x000001e7b7737e50 nmethod 2919 0x000001e7a2ef2210 code [0x000001e7a2ef23c0, 0x000001e7a2ef2548]
Event: 19.582 Thread 0x000001e7b77374a0 nmethod 2800 0x000001e7aa569010 code [0x000001e7aa569440, 0x000001e7aa56f5e8]
Event: 19.583 Thread 0x000001e7b77374a0 2910       4       java.util.HashMap::putVal (300 bytes)
Event: 19.604 Thread 0x000001e7b7737e50 2920       3       java.lang.ClassLoader::findBootstrapClassOrNull (14 bytes)
Event: 19.604 Thread 0x000001e7b7737e50 nmethod 2920 0x000001e7a2ef2610 code [0x000001e7a2ef27c0, 0x000001e7a2ef2978]
Event: 19.606 Thread 0x000001e7b77374a0 nmethod 2910 0x000001e7aa572390 code [0x000001e7aa572560, 0x000001e7aa572da8]
Event: 19.615 Thread 0x000001e7b7737e50 2921       3       java.util.stream.Nodes$SpinedNodeBuilder::accept (29 bytes)
Event: 19.615 Thread 0x000001e7b7737e50 nmethod 2921 0x000001e7a2ef2a10 code [0x000001e7a2ef2bc0, 0x000001e7a2ef2d08]
Event: 19.615 Thread 0x000001e7b7737e50 2922       3       java.util.stream.SpinedBuffer::accept (94 bytes)
Event: 19.616 Thread 0x000001e7b7737e50 nmethod 2922 0x000001e7a2ef2d90 code [0x000001e7a2ef2f80, 0x000001e7a2ef3888]
Event: 19.616 Thread 0x000001e7b7737e50 2923       3       org.codehaus.groovy.reflection.CachedClass$3$$Lambda$307/0x00000001004b6480::test (8 bytes)
Event: 19.616 Thread 0x000001e7b77374a0 2925       4       java.lang.String::startsWith (7 bytes)
Event: 19.617 Thread 0x000001e7b7737e50 nmethod 2923 0x000001e7a2ef3b10 code [0x000001e7a2ef3ce0, 0x000001e7a2ef4168]
Event: 19.617 Thread 0x000001e7b7737e50 2924       3       org.codehaus.groovy.reflection.CachedClass$3::lambda$initValue$0 (25 bytes)
Event: 19.618 Thread 0x000001e7b7737e50 nmethod 2924 0x000001e7a2ef4310 code [0x000001e7a2ef4500, 0x000001e7a2ef49d8]
Event: 19.618 Thread 0x000001e7b7737e50 2926       1       java.util.Collections$EmptySet::contains (2 bytes)
Event: 19.619 Thread 0x000001e7b7737e50 nmethod 2926 0x000001e7aa573290 code [0x000001e7aa573420, 0x000001e7aa5734f8]

GC Heap History (14 events):
Event: 2.792 GC heap before
{Heap before GC invocations=0 (full 0):
 garbage-first heap   total 129024K, used 15360K [0x00000000a0000000, 0x0000000100000000)
  region size 1024K, 13 young (13312K), 0 survivors (0K)
 Metaspace       used 7081K, committed 7232K, reserved 1056768K
  class space    used 609K, committed 704K, reserved 1048576K
}
Event: 2.801 GC heap after
{Heap after GC invocations=1 (full 0):
 garbage-first heap   total 129024K, used 3577K [0x00000000a0000000, 0x0000000100000000)
  region size 1024K, 2 young (2048K), 2 survivors (2048K)
 Metaspace       used 7081K, committed 7232K, reserved 1056768K
  class space    used 609K, committed 704K, reserved 1048576K
}
Event: 5.074 GC heap before
{Heap before GC invocations=1 (full 0):
 garbage-first heap   total 129024K, used 22009K [0x00000000a0000000, 0x0000000100000000)
  region size 1024K, 17 young (17408K), 2 survivors (2048K)
 Metaspace       used 11094K, committed 11264K, reserved 1064960K
  class space    used 1162K, committed 1280K, reserved 1048576K
}
Event: 5.081 GC heap after
{Heap after GC invocations=2 (full 0):
 garbage-first heap   total 129024K, used 9539K [0x00000000a0000000, 0x0000000100000000)
  region size 1024K, 3 young (3072K), 3 survivors (3072K)
 Metaspace       used 11094K, committed 11264K, reserved 1064960K
  class space    used 1162K, committed 1280K, reserved 1048576K
}
Event: 6.228 GC heap before
{Heap before GC invocations=2 (full 0):
 garbage-first heap   total 129024K, used 31043K [0x00000000a0000000, 0x0000000100000000)
  region size 1024K, 24 young (24576K), 3 survivors (3072K)
 Metaspace       used 11201K, committed 11392K, reserved 1064960K
  class space    used 1163K, committed 1280K, reserved 1048576K
}
Event: 6.235 GC heap after
{Heap after GC invocations=3 (full 0):
 garbage-first heap   total 129024K, used 12264K [0x00000000a0000000, 0x0000000100000000)
  region size 1024K, 3 young (3072K), 3 survivors (3072K)
 Metaspace       used 11201K, committed 11392K, reserved 1064960K
  class space    used 1163K, committed 1280K, reserved 1048576K
}
Event: 11.332 GC heap before
{Heap before GC invocations=3 (full 0):
 garbage-first heap   total 129024K, used 54248K [0x00000000a0000000, 0x0000000100000000)
  region size 1024K, 45 young (46080K), 3 survivors (3072K)
 Metaspace       used 21333K, committed 21504K, reserved 1073152K
  class space    used 2599K, committed 2688K, reserved 1048576K
}
Event: 11.346 GC heap after
{Heap after GC invocations=4 (full 0):
 garbage-first heap   total 129024K, used 17166K [0x00000000a0000000, 0x0000000100000000)
  region size 1024K, 8 young (8192K), 8 survivors (8192K)
 Metaspace       used 21333K, committed 21504K, reserved 1073152K
  class space    used 2599K, committed 2688K, reserved 1048576K
}
Event: 14.876 GC heap before
{Heap before GC invocations=5 (full 0):
 garbage-first heap   total 68608K, used 49934K [0x00000000a0000000, 0x0000000100000000)
  region size 1024K, 40 young (40960K), 8 survivors (8192K)
 Metaspace       used 26843K, committed 27136K, reserved 1073152K
  class space    used 3528K, committed 3648K, reserved 1048576K
}
Event: 14.890 GC heap after
{Heap after GC invocations=6 (full 0):
 garbage-first heap   total 68608K, used 19551K [0x00000000a0000000, 0x0000000100000000)
  region size 1024K, 3 young (3072K), 3 survivors (3072K)
 Metaspace       used 26843K, committed 27136K, reserved 1073152K
  class space    used 3528K, committed 3648K, reserved 1048576K
}
Event: 14.996 GC heap before
{Heap before GC invocations=6 (full 0):
 garbage-first heap   total 68608K, used 19551K [0x00000000a0000000, 0x0000000100000000)
  region size 1024K, 4 young (4096K), 3 survivors (3072K)
 Metaspace       used 27022K, committed 27328K, reserved 1073152K
  class space    used 3559K, committed 3712K, reserved 1048576K
}
Event: 15.003 GC heap after
{Heap after GC invocations=7 (full 0):
 garbage-first heap   total 68608K, used 19519K [0x00000000a0000000, 0x0000000100000000)
  region size 1024K, 1 young (1024K), 1 survivors (1024K)
 Metaspace       used 27022K, committed 27328K, reserved 1073152K
  class space    used 3559K, committed 3712K, reserved 1048576K
}
Event: 18.063 GC heap before
{Heap before GC invocations=7 (full 0):
 garbage-first heap   total 68608K, used 48191K [0x00000000a0000000, 0x0000000100000000)
  region size 1024K, 29 young (29696K), 1 survivors (1024K)
 Metaspace       used 31097K, committed 31424K, reserved 1081344K
  class space    used 4235K, committed 4352K, reserved 1048576K
}
Event: 18.068 GC heap after
{Heap after GC invocations=8 (full 0):
 garbage-first heap   total 68608K, used 20477K [0x00000000a0000000, 0x0000000100000000)
  region size 1024K, 2 young (2048K), 2 survivors (2048K)
 Metaspace       used 31097K, committed 31424K, reserved 1081344K
  class space    used 4235K, committed 4352K, reserved 1048576K
}

Dll operation events (2 events):
Event: 0.030 Loaded shared library C:\Program Files\Android\Android Studio\jbr\bin\java.dll
Event: 2.727 Loaded shared library C:\Program Files\Android\Android Studio\jbr\bin\verify.dll

Deoptimization events (20 events):
Event: 15.020 Thread 0x000001e7b9404670 Uncommon trap: trap_request=0xffffff76 fr.pc=0x000001e7aa5107b4 relative=0x0000000000000194
Event: 15.020 Thread 0x000001e7b9404670 Uncommon trap: reason=predicate action=maybe_recompile pc=0x000001e7aa5107b4 method=com.google.common.base.CharMatcher.indexIn(Ljava/lang/CharSequence;I)I @ 19 c2
Event: 15.020 Thread 0x000001e7b9404670 DEOPT PACKING pc=0x000001e7aa5107b4 sp=0x000000de295fb680
Event: 15.020 Thread 0x000001e7b9404670 DEOPT UNPACKING pc=0x000001e7a9e969a3 sp=0x000000de295fb610 mode 2
Event: 15.430 Thread 0x000001e7b9404670 Uncommon trap: trap_request=0xffffff45 fr.pc=0x000001e7aa4039cc relative=0x000000000000004c
Event: 15.430 Thread 0x000001e7b9404670 Uncommon trap: reason=unstable_if action=reinterpret pc=0x000001e7aa4039cc method=java.net.URI.match(CJJ)Z @ 19 c2
Event: 15.430 Thread 0x000001e7b9404670 DEOPT PACKING pc=0x000001e7aa4039cc sp=0x000000de295fa7a0
Event: 15.430 Thread 0x000001e7b9404670 DEOPT UNPACKING pc=0x000001e7a9e969a3 sp=0x000000de295fa728 mode 2
Event: 15.430 Thread 0x000001e7b9404670 Uncommon trap: trap_request=0xffffff45 fr.pc=0x000001e7aa43c228 relative=0x0000000000000208
Event: 15.430 Thread 0x000001e7b9404670 Uncommon trap: reason=unstable_if action=reinterpret pc=0x000001e7aa43c228 method=java.net.URI.match(CJJ)Z @ 19 c2
Event: 15.430 Thread 0x000001e7b9404670 DEOPT PACKING pc=0x000001e7aa43c228 sp=0x000000de295fa710
Event: 15.430 Thread 0x000001e7b9404670 DEOPT UNPACKING pc=0x000001e7a9e969a3 sp=0x000000de295fa610 mode 2
Event: 17.069 Thread 0x000001e7b9404670 Uncommon trap: trap_request=0xffffff45 fr.pc=0x000001e7aa4bc950 relative=0x0000000000000490
Event: 17.069 Thread 0x000001e7b9404670 Uncommon trap: reason=unstable_if action=reinterpret pc=0x000001e7aa4bc950 method=java.util.HashMap.hash(Ljava/lang/Object;)I @ 1 c2
Event: 17.069 Thread 0x000001e7b9404670 DEOPT PACKING pc=0x000001e7aa4bc950 sp=0x000000de295f7800
Event: 17.069 Thread 0x000001e7b9404670 DEOPT UNPACKING pc=0x000001e7a9e969a3 sp=0x000000de295f76a8 mode 2
Event: 19.550 Thread 0x000001e7b9404670 Uncommon trap: trap_request=0xffffff45 fr.pc=0x000001e7aa4af9fc relative=0x000000000000065c
Event: 19.550 Thread 0x000001e7b9404670 Uncommon trap: reason=unstable_if action=reinterpret pc=0x000001e7aa4af9fc method=java.util.Properties$LineReader.readLine()I @ 95 c2
Event: 19.550 Thread 0x000001e7b9404670 DEOPT PACKING pc=0x000001e7aa4af9fc sp=0x000000de295f8ef0
Event: 19.550 Thread 0x000001e7b9404670 DEOPT UNPACKING pc=0x000001e7a9e969a3 sp=0x000000de295f8ea0 mode 2

Classes unloaded (0 events):
No events

Classes redefined (0 events):
No events

Internal exceptions (20 events):
Event: 15.202 Thread 0x000001e7b9404670 Exception <a 'java/lang/NoSuchMethodError'{0x00000000a50dc6a0}: 'java.lang.Object java.lang.invoke.DirectMethodHandle$Holder.invokeStaticInit(java.lang.Object, java.lang.Object, java.lang.Object)'> (0x00000000a50dc6a0) 
thrown [s\src\hotspot\share\interpreter\linkResolver.cpp, line 771]
Event: 15.203 Thread 0x000001e7b9404670 Exception <a 'java/lang/NoSuchMethodError'{0x00000000a50e2840}: 'java.lang.Object java.lang.invoke.DirectMethodHandle$Holder.invokeVirtual(java.lang.Object, java.lang.Object, java.lang.Object)'> (0x00000000a50e2840) 
thrown [s\src\hotspot\share\interpreter\linkResolver.cpp, line 771]
Event: 15.217 Thread 0x000001e7b9404670 Exception <a 'java/lang/NoSuchMethodError'{0x00000000a4f20d78}: 'int java.lang.invoke.DirectMethodHandle$Holder.invokeVirtual(java.lang.Object, java.lang.Object, java.lang.Object)'> (0x00000000a4f20d78) 
thrown [s\src\hotspot\share\interpreter\linkResolver.cpp, line 771]
Event: 16.225 Thread 0x000001e7b9404670 Exception <a 'java/lang/NoSuchMethodError'{0x00000000a36af7c8}: 'java.lang.Object java.lang.invoke.DirectMethodHandle$Holder.invokeSpecialIFC(java.lang.Object, java.lang.Object, java.lang.Object, java.lang.Object)'> (0x00000000a36af7c8) 
thrown [s\src\hotspot\share\interpreter\linkResolver.cpp, line 771]
Event: 17.069 Thread 0x000001e7b9404670 Implicit null exception at 0x000001e7aa4bc513 to 0x000001e7aa4bc934
Event: 17.315 Thread 0x000001e7b9404670 Exception <a 'java/lang/NoSuchMethodError'{0x00000000a2eeca28}: 'java.lang.Object java.lang.invoke.DirectMethodHandle$Holder.invokeSpecial(java.lang.Object, java.lang.Object, java.lang.Object, java.lang.Object, java.lang.Object, java.lang.Object, java.lang.Object, java.lang.Object, java.lang.Object, java.lang.Object, java.lang.Object, java.lang.Object, java.lang.Object)'> (0x00000000a2eeca28) 
thrown [s\src\hotspot\share\interpreter\linkResolver.cpp, line 771]
Event: 17.317 Thread 0x000001e7b9404670 Exception <a 'java/lang/NoSuchMethodError'{0x00000000a2efe4f8}: 'java.lang.Object java.lang.invoke.DirectMethodHandle$Holder.newInvokeSpecial(java.lang.Object, java.lang.Object, java.lang.Object, java.lang.Object, java.lang.Object, java.lang.Object, java.lang.Object, java.lang.Object, java.lang.Object, java.lang.Object, java.lang.Object)'> (0x00000000a2efe4f8) 
thrown [s\src\hotspot\share\interpreter\linkResolver.cpp, line 771]
Event: 17.318 Thread 0x000001e7b9404670 Exception <a 'java/lang/NoSuchMethodError'{0x00000000a2d04b80}: 'java.lang.Object java.lang.invoke.DirectMethodHandle$Holder.invokeSpecial(java.lang.Object, java.lang.Object, java.lang.Object, java.lang.Object, java.lang.Object, java.lang.Object, java.lang.Object, java.lang.Object, java.lang.Object, java.lang.Object, java.lang.Object, java.lang.Object)'> (0x00000000a2d04b80) 
thrown [s\src\hotspot\share\interpreter\linkResolver.cpp, line 771]
Event: 17.318 Thread 0x000001e7b9404670 Exception <a 'java/lang/NoSuchMethodError'{0x00000000a2d0a218}: 'java.lang.Object java.lang.invoke.Invokers$Holder.linkToTargetMethod(java.lang.Object, java.lang.Object, java.lang.Object, java.lang.Object, java.lang.Object, java.lang.Object, java.lang.Object, java.lang.Object, java.lang.Object, java.lang.Object, java.lang.Object)'> (0x00000000a2d0a218) 
thrown [s\src\hotspot\share\interpreter\linkResolver.cpp, line 771]
Event: 17.522 Thread 0x000001e7b9404670 Exception <a 'java/lang/NoSuchMethodError'{0x00000000a2d537a8}: 'java.lang.Object java.lang.invoke.DirectMethodHandle$Holder.invokeSpecial(java.lang.Object, java.lang.Object, java.lang.Object, java.lang.Object, java.lang.Object, java.lang.Object, java.lang.Object, java.lang.Object, java.lang.Object, java.lang.Object, java.lang.Object, java.lang.Object, java.lang.Object, java.lang.Object)'> (0x00000000a2d537a8) 
thrown [s\src\hotspot\share\interpreter\linkResolver.cpp, line 771]
Event: 17.524 Thread 0x000001e7b9404670 Exception <a 'java/lang/NoSuchMethodError'{0x00000000a2d66168}: 'java.lang.Object java.lang.invoke.DirectMethodHandle$Holder.newInvokeSpecial(java.lang.Object, java.lang.Object, java.lang.Object, java.lang.Object, java.lang.Object, java.lang.Object, java.lang.Object, java.lang.Object, java.lang.Object, java.lang.Object, java.lang.Object, java.lang.Object)'> (0x00000000a2d66168) 
thrown [s\src\hotspot\share\interpreter\linkResolver.cpp, line 771]
Event: 17.525 Thread 0x000001e7b9404670 Exception <a 'java/lang/NoSuchMethodError'{0x00000000a2d6bb00}: 'java.lang.Object java.lang.invoke.Invokers$Holder.linkToTargetMethod(java.lang.Object, java.lang.Object, java.lang.Object, java.lang.Object, java.lang.Object, java.lang.Object, java.lang.Object, java.lang.Object, java.lang.Object, java.lang.Object, java.lang.Object, java.lang.Object)'> (0x00000000a2d6bb00) 
thrown [s\src\hotspot\share\interpreter\linkResolver.cpp, line 771]
Event: 17.594 Thread 0x000001e7b9404670 Exception <a 'java/lang/NoSuchMethodError'{0x00000000a2c03bb8}: 'java.lang.Object java.lang.invoke.DirectMethodHandle$Holder.invokeStaticInit(java.lang.Object, java.lang.Object, java.lang.Object, java.lang.Object)'> (0x00000000a2c03bb8) 
thrown [s\src\hotspot\share\interpreter\linkResolver.cpp, line 771]
Event: 17.899 Thread 0x000001e7b9404670 Exception <a 'java/lang/NoSuchMethodError'{0x00000000a2798c40}: 'java.lang.Object java.lang.invoke.DirectMethodHandle$Holder.newInvokeSpecial(java.lang.Object, java.lang.Object, java.lang.Object, java.lang.Object, java.lang.Object, java.lang.Object, java.lang.Object, java.lang.Object)'> (0x00000000a2798c40) 
thrown [s\src\hotspot\share\interpreter\linkResolver.cpp, line 771]
Event: 17.900 Thread 0x000001e7b9404670 Exception <a 'java/lang/NoSuchMethodError'{0x00000000a279ea20}: 'java.lang.Object java.lang.invoke.Invokers$Holder.linkToTargetMethod(java.lang.Object, java.lang.Object, java.lang.Object, java.lang.Object, java.lang.Object, java.lang.Object, java.lang.Object, java.lang.Object)'> (0x00000000a279ea20) 
thrown [s\src\hotspot\share\interpreter\linkResolver.cpp, line 771]
Event: 17.921 Thread 0x000001e7b9404670 Exception <a 'java/lang/IncompatibleClassChangeError'{0x00000000a260f0b0}: Found class java.lang.Object, but interface was expected> (0x00000000a260f0b0) 
thrown [s\src\hotspot\share\interpreter\linkResolver.cpp, line 838]
Event: 19.217 Thread 0x000001e7b9404670 Exception <a 'java/lang/NoSuchMethodError'{0x00000000a36fb3e8}: 'void java.lang.invoke.DirectMethodHandle$Holder.invokeStaticInit(java.lang.Object, java.lang.Object, java.lang.Object)'> (0x00000000a36fb3e8) 
thrown [s\src\hotspot\share\interpreter\linkResolver.cpp, line 771]
Event: 19.219 Thread 0x000001e7b9404670 Exception <a 'java/lang/NoSuchMethodError'{0x00000000a3503458}: 'void java.lang.invoke.DirectMethodHandle$Holder.invokeStaticInit(java.lang.Object, java.lang.Object, java.lang.Object, java.lang.Object)'> (0x00000000a3503458) 
thrown [s\src\hotspot\share\interpreter\linkResolver.cpp, line 771]
Event: 19.234 Thread 0x000001e7b9404670 Exception <a 'java/lang/NoSuchMethodError'{0x00000000a35257e8}: 'void java.lang.invoke.DirectMethodHandle$Holder.invokeStaticInit(java.lang.Object, java.lang.Object, java.lang.Object, java.lang.Object, java.lang.Object)'> (0x00000000a35257e8) 
thrown [s\src\hotspot\share\interpreter\linkResolver.cpp, line 771]
Event: 19.292 Thread 0x000001e7b9404670 Exception <a 'java/lang/NoSuchMethodError'{0x00000000a357f6f0}: 'int java.lang.invoke.DirectMethodHandle$Holder.invokeStaticInit(java.lang.Object, java.lang.Object, java.lang.Object, java.lang.Object)'> (0x00000000a357f6f0) 
thrown [s\src\hotspot\share\interpreter\linkResolver.cpp, line 771]

VM Operations (20 events):
Event: 14.876 Executing VM operation: G1CollectForAllocation
Event: 14.890 Executing VM operation: G1CollectForAllocation done
Event: 14.996 Executing VM operation: G1CollectForAllocation
Event: 15.003 Executing VM operation: G1CollectForAllocation done
Event: 16.009 Executing VM operation: Cleanup
Event: 16.009 Executing VM operation: Cleanup done
Event: 17.017 Executing VM operation: Cleanup
Event: 17.019 Executing VM operation: Cleanup done
Event: 17.081 Executing VM operation: HandshakeAllThreads
Event: 17.081 Executing VM operation: HandshakeAllThreads done
Event: 18.063 Executing VM operation: G1CollectForAllocation
Event: 18.068 Executing VM operation: G1CollectForAllocation done
Event: 18.281 Executing VM operation: HandshakeAllThreads
Event: 18.281 Executing VM operation: HandshakeAllThreads done
Event: 18.296 Executing VM operation: HandshakeAllThreads
Event: 18.296 Executing VM operation: HandshakeAllThreads done
Event: 19.125 Executing VM operation: HandshakeAllThreads
Event: 19.125 Executing VM operation: HandshakeAllThreads done
Event: 19.125 Executing VM operation: Cleanup
Event: 19.125 Executing VM operation: Cleanup done

Events (20 events):
Event: 19.611 loading class java/time/OffsetTime done
Event: 19.611 loading class java/time/ZonedDateTime
Event: 19.611 loading class java/time/chrono/ChronoZonedDateTime
Event: 19.612 loading class java/time/chrono/ChronoZonedDateTime done
Event: 19.612 loading class java/time/ZonedDateTime done
Event: 19.612 loading class java/time/format/FormatStyle
Event: 19.612 loading class java/time/format/FormatStyle done
Event: 19.612 loading class java/time/ZoneOffset
Event: 19.613 loading class java/time/ZoneOffset done
Event: 19.613 loading class java/time/DayOfWeek
Event: 19.613 loading class java/time/DayOfWeek done
Event: 19.613 loading class java/time/Month
Event: 19.614 loading class java/time/Month done
Event: 19.614 loading class java/time/MonthDay
Event: 19.614 loading class java/time/MonthDay done
Event: 19.618 loading class java/time/temporal/TemporalQuery
Event: 19.618 loading class java/time/temporal/TemporalQuery done
Event: 19.618 loading class java/time/temporal/ValueRange
Event: 19.618 loading class java/time/temporal/ValueRange done
Event: 19.620 loading class java/time/format/DateTimeFormatter


Dynamic libraries:
0x00007ff760c20000 - 0x00007ff760c2a000 	C:\Program Files\Android\Android Studio\jbr\bin\java.exe
0x00007ffe55970000 - 0x00007ffe55b68000 	C:\WINDOWS\SYSTEM32\ntdll.dll
0x00007ffe540c0000 - 0x00007ffe5417f000 	C:\WINDOWS\System32\KERNEL32.DLL
0x00007ffe530a0000 - 0x00007ffe53396000 	C:\WINDOWS\System32\KERNELBASE.dll
0x00007ffe538d0000 - 0x00007ffe539d0000 	C:\WINDOWS\System32\ucrtbase.dll
0x00007ffe4e790000 - 0x00007ffe4e7ab000 	C:\Program Files\Android\Android Studio\jbr\bin\VCRUNTIME140.dll
0x00007ffe3d4a0000 - 0x00007ffe3d4b7000 	C:\Program Files\Android\Android Studio\jbr\bin\jli.dll
0x00007ffe53ef0000 - 0x00007ffe5408d000 	C:\WINDOWS\System32\USER32.dll
0x00007ffe53780000 - 0x00007ffe537a2000 	C:\WINDOWS\System32\win32u.dll
0x00007ffe407e0000 - 0x00007ffe40a7a000 	C:\WINDOWS\WinSxS\amd64_microsoft.windows.common-controls_6595b64144ccf1df_6.0.19041.1110_none_60b5254171f9507e\COMCTL32.dll
0x00007ffe552b0000 - 0x00007ffe552dc000 	C:\WINDOWS\System32\GDI32.dll
0x00007ffe54180000 - 0x00007ffe5421e000 	C:\WINDOWS\System32\msvcrt.dll
0x00007ffe537b0000 - 0x00007ffe538c5000 	C:\WINDOWS\System32\gdi32full.dll
0x00007ffe536e0000 - 0x00007ffe5377d000 	C:\WINDOWS\System32\msvcp_win.dll
0x00007ffe54090000 - 0x00007ffe540c0000 	C:\WINDOWS\System32\IMM32.DLL
0x00007ffe4edd0000 - 0x00007ffe4eddc000 	C:\Program Files\Android\Android Studio\jbr\bin\vcruntime140_1.dll
0x00007ffe2e720000 - 0x00007ffe2e7ad000 	C:\Program Files\Android\Android Studio\jbr\bin\msvcp140.dll
0x00007ffde5970000 - 0x00007ffde65dd000 	C:\Program Files\Android\Android Studio\jbr\bin\server\jvm.dll
0x00007ffe546b0000 - 0x00007ffe5475f000 	C:\WINDOWS\System32\ADVAPI32.dll
0x00007ffe54230000 - 0x00007ffe542cc000 	C:\WINDOWS\System32\sechost.dll
0x00007ffe54760000 - 0x00007ffe54886000 	C:\WINDOWS\System32\RPCRT4.dll
0x00007ffdfa410000 - 0x00007ffdfa419000 	C:\WINDOWS\SYSTEM32\WSOCK32.dll
0x00007ffe558c0000 - 0x00007ffe5592b000 	C:\WINDOWS\System32\WS2_32.dll
0x00007ffe3ebd0000 - 0x00007ffe3ebf7000 	C:\WINDOWS\SYSTEM32\WINMM.dll
0x00007ffe4a1d0000 - 0x00007ffe4a1da000 	C:\WINDOWS\SYSTEM32\VERSION.dll
0x00007ffe50f10000 - 0x00007ffe50f22000 	C:\WINDOWS\SYSTEM32\kernel.appcore.dll
0x00007ffe4ed40000 - 0x00007ffe4ed4a000 	C:\Program Files\Android\Android Studio\jbr\bin\jimage.dll
0x00007ffe3ec90000 - 0x00007ffe3ee74000 	C:\WINDOWS\SYSTEM32\DBGHELP.DLL
0x00007ffe3ec50000 - 0x00007ffe3ec84000 	C:\WINDOWS\SYSTEM32\dbgcore.DLL
0x00007ffe533a0000 - 0x00007ffe53422000 	C:\WINDOWS\System32\bcryptPrimitives.dll
0x00007ffe3a780000 - 0x00007ffe3a7a5000 	C:\Program Files\Android\Android Studio\jbr\bin\java.dll
0x00007ffe3b6e0000 - 0x00007ffe3b6f8000 	C:\Program Files\Android\Android Studio\jbr\bin\zip.dll
0x00007ffe54a70000 - 0x00007ffe551b4000 	C:\WINDOWS\System32\SHELL32.dll
0x00007ffe51110000 - 0x00007ffe518a3000 	C:\WINDOWS\SYSTEM32\windows.storage.dll
0x00007ffe552e0000 - 0x00007ffe55634000 	C:\WINDOWS\System32\combase.dll
0x00007ffe529d0000 - 0x00007ffe529fe000 	C:\WINDOWS\SYSTEM32\Wldp.dll
0x00007ffe53e40000 - 0x00007ffe53eed000 	C:\WINDOWS\System32\SHCORE.dll
0x00007ffe551c0000 - 0x00007ffe55215000 	C:\WINDOWS\System32\shlwapi.dll
0x00007ffe52f90000 - 0x00007ffe52faf000 	C:\WINDOWS\SYSTEM32\profapi.dll
0x00007ffe3aa00000 - 0x00007ffe3aa19000 	C:\Program Files\Android\Android Studio\jbr\bin\net.dll
0x00007ffe42880000 - 0x00007ffe4298a000 	C:\WINDOWS\SYSTEM32\WINHTTP.dll
0x00007ffe52730000 - 0x00007ffe5279a000 	C:\WINDOWS\system32\mswsock.dll
0x00007ffe3a960000 - 0x00007ffe3a976000 	C:\Program Files\Android\Android Studio\jbr\bin\nio.dll
0x00007ffe4ea50000 - 0x00007ffe4ea60000 	C:\Program Files\Android\Android Studio\jbr\bin\verify.dll
0x00007ffe31a10000 - 0x00007ffe31a37000 	C:\Users\01\.gradle\native\e1d6ef7f7dcc3fd88c89a11ec53ec762bb8ba0a96d01ffa2cd45eb1d1d8dd5c5\windows-amd64\native-platform.dll
0x00007ffe2b970000 - 0x00007ffe2bab4000 	C:\Users\01\.gradle\native\0d407fdbe67a94daf76414ababcb853783967236a71b16ec16e742cd7a986fd3\windows-amd64\native-platform-file-events.dll
0x00007ffe4e780000 - 0x00007ffe4e789000 	C:\Program Files\Android\Android Studio\jbr\bin\management.dll
0x00007ffe4dea0000 - 0x00007ffe4deab000 	C:\Program Files\Android\Android Studio\jbr\bin\management_ext.dll
0x00007ffe54500000 - 0x00007ffe54508000 	C:\WINDOWS\System32\PSAPI.DLL
0x00007ffe52920000 - 0x00007ffe52938000 	C:\WINDOWS\SYSTEM32\CRYPTSP.dll
0x00007ffe52050000 - 0x00007ffe52084000 	C:\WINDOWS\system32\rsaenh.dll
0x00007ffe53550000 - 0x00007ffe53577000 	C:\WINDOWS\System32\bcrypt.dll
0x00007ffe52f50000 - 0x00007ffe52f7e000 	C:\WINDOWS\SYSTEM32\USERENV.dll
0x00007ffe52940000 - 0x00007ffe5294c000 	C:\WINDOWS\SYSTEM32\CRYPTBASE.dll
0x00007ffe52420000 - 0x00007ffe5245c000 	C:\WINDOWS\SYSTEM32\IPHLPAPI.DLL
0x00007ffe54220000 - 0x00007ffe54228000 	C:\WINDOWS\System32\NSI.dll
0x00007ffe47fe0000 - 0x00007ffe47ff7000 	C:\WINDOWS\SYSTEM32\dhcpcsvc6.DLL
0x00007ffe480b0000 - 0x00007ffe480cd000 	C:\WINDOWS\SYSTEM32\dhcpcsvc.DLL
0x00007ffe52460000 - 0x00007ffe5252b000 	C:\WINDOWS\SYSTEM32\DNSAPI.dll
0x00007ffe4de50000 - 0x00007ffe4de57000 	C:\WINDOWS\system32\wshunix.dll

dbghelp: loaded successfully - version: 4.0.5 - missing functions: none
symbol engine: initialized successfully - sym options: 0x614 - pdb path: .;C:\Program Files\Android\Android Studio\jbr\bin;C:\WINDOWS\SYSTEM32;C:\WINDOWS\WinSxS\amd64_microsoft.windows.common-controls_6595b64144ccf1df_6.0.19041.1110_none_60b5254171f9507e;C:\Program Files\Android\Android Studio\jbr\bin\server;C:\Users\01\.gradle\native\e1d6ef7f7dcc3fd88c89a11ec53ec762bb8ba0a96d01ffa2cd45eb1d1d8dd5c5\windows-amd64;C:\Users\01\.gradle\native\0d407fdbe67a94daf76414ababcb853783967236a71b16ec16e742cd7a986fd3\windows-amd64

VM Arguments:
jvm_args: --add-opens=java.base/java.util=ALL-UNNAMED --add-opens=java.base/java.lang=ALL-UNNAMED --add-opens=java.base/java.lang.invoke=ALL-UNNAMED --add-opens=java.base/java.util=ALL-UNNAMED --add-opens=java.prefs/java.util.prefs=ALL-UNNAMED --add-opens=java.prefs/java.util.prefs=ALL-UNNAMED --add-opens=java.base/java.nio.charset=ALL-UNNAMED --add-opens=java.base/java.net=ALL-UNNAMED --add-opens=java.base/java.util.concurrent.atomic=ALL-UNNAMED -Xmx1536M -Dfile.encoding=windows-1252 -Duser.country=IN -Duser.language=en -Duser.variant 
java_command: org.gradle.launcher.daemon.bootstrap.GradleDaemon 7.5
java_class_path (initial): C:\Users\01\.gradle\wrapper\dists\gradle-7.5-all\6qsw290k5lz422uaf8jf6m7co\gradle-7.5\lib\gradle-launcher-7.5.jar
Launcher Type: SUN_STANDARD

[Global flags]
     intx CICompilerCount                          = 3                                         {product} {ergonomic}
     uint ConcGCThreads                            = 1                                         {product} {ergonomic}
     uint G1ConcRefinementThreads                  = 4                                         {product} {ergonomic}
   size_t G1HeapRegionSize                         = 1048576                                   {product} {ergonomic}
    uintx GCDrainStackTargetSize                   = 64                                        {product} {ergonomic}
   size_t InitialHeapSize                          = 132120576                                 {product} {ergonomic}
   size_t MarkStackSize                            = 4194304                                   {product} {ergonomic}
   size_t MaxHeapSize                              = 1610612736                                {product} {command line}
   size_t MaxNewSize                               = 965738496                                 {product} {ergonomic}
   size_t MinHeapDeltaBytes                        = 1048576                                   {product} {ergonomic}
   size_t MinHeapSize                              = 8388608                                   {product} {ergonomic}
    uintx NonNMethodCodeHeapSize                   = 5832780                                {pd product} {ergonomic}
    uintx NonProfiledCodeHeapSize                  = 122912730                              {pd product} {ergonomic}
    uintx ProfiledCodeHeapSize                     = 122912730                              {pd product} {ergonomic}
    uintx ReservedCodeCacheSize                    = 251658240                              {pd product} {ergonomic}
     bool SegmentedCodeCache                       = true                                      {product} {ergonomic}
   size_t SoftMaxHeapSize                          = 1610612736                             {manageable} {ergonomic}
     bool UseCompressedClassPointers               = true                           {product lp64_product} {ergonomic}
     bool UseCompressedOops                        = true                           {product lp64_product} {ergonomic}
     bool UseG1GC                                  = true                                      {product} {ergonomic}
     bool UseLargePagesIndividualAllocation        = false                                  {pd product} {ergonomic}

Logging:
Log output configuration:
 #0: stdout all=warning uptime,level,tags
 #1: stderr all=off uptime,level,tags

Environment Variables:
JAVA_HOME=C:\Program Files\Android\Android Studio\jbr
CLASSPATH=D:\vishu\vishu intern\waterapp1\android\\gradle\wrapper\gradle-wrapper.jar
PATH=D:\flutter\bin\;D:\vishu\software\python\Scripts\;D:\vishu\software\python\;C:\Program Files\Common Files\Oracle\Java\javapath;C:\WINDOWS\system32;C:\WINDOWS;C:\WINDOWS\System32\Wbem;C:\WINDOWS\System32\WindowsPowerShell\v1.0\;C:\WINDOWS\System32\OpenSSH\;C:\Users\01\AppData\Local\Android\Sdk\platform-tools;C:\Users\01\AppData\Local\Android\Sdk\tools;C:\Users\01\AppData\Local\Android\Sdk\tools\bin;C:\Program Files (x86)\Microsoft SQL Server\100\Tools\Binn\;C:\Program Files\Microsoft SQL Server\100\Tools\Binn\;C:\Program Files\Microsoft SQL Server\100\DTS\Binn\;D:\flutter;D:\flutter\bin;C:\Program Files\Java\jdk-12\bin;C:\Users\01\AppData\Local\Programs\Python\Python310;D:\vishu\software\python;C:\MinGW\bin;C:\Program Files\Git\cmd;C:\gradle-5.6.2\bin;C:\Users\01\AppData\Local\Microsoft\WindowsApps;C:\Users\01\AppData\Local\Programs\Microsoft VS Code\bin;C:\Users\01\AppData\Local\Android\Sdk\tools\bin;C:\Users\01\AppData\Local\Android\Sdk\tools;C:\Users\01\AppData\Local\Android\Sdk\platform-tools;D:\flutter\bin;C:\src\flutter\bin;
USERNAME=01
LANG=en_US.UTF-8
OS=Windows_NT
PROCESSOR_IDENTIFIER=Intel64 Family 6 Model 78 Stepping 3, GenuineIntel
TMP=C:\Users\01\AppData\Local\Temp
TEMP=C:\Users\01\AppData\Local\Temp



---------------  S Y S T E M  ---------------

OS:
 Windows 10 , 64 bit Build 19041 (10.0.19041.2913)
OS uptime: 1 days 18:39 hours

CPU: total 4 (initial active 4) (2 cores per cpu, 2 threads per core) family 6 model 78 stepping 3 microcode 0xcc, cx8, cmov, fxsr, ht, mmx, 3dnowpref, sse, sse2, sse3, ssse3, sse4.1, sse4.2, popcnt, lzcnt, tsc, tscinvbit, avx, avx2, aes, erms, clmul, bmi1, bmi2, adx, fma, vzeroupper, clflush, clflushopt

Memory: 4k page, system-wide physical 8058M (547M free)
TotalPageFile size 17539M (AvailPageFile size 283M)
current process WorkingSet (physical memory assigned to process): 181M, peak: 182M
current process commit charge ("private bytes"): 216M, peak: 249M

vm_info: OpenJDK 64-Bit Server VM (17.0.6+0-b2043.56-9586694) for windows-amd64 JRE (17.0.6+0-b2043.56-9586694), built on Feb  9 2023 20:06:20 by "androidbuild" with MS VC++ 16.10 / 16.11 (VS2019)

END.
